[2025-09-28 16:53:28.522] INFO [LOGGER] Sistema de logging inicializado - arquivo: logs/parking_system.log
[2025-09-28 16:53:28.522] INFO [LOGGER] Nível de log alterado para: DEBUG
[2025-09-28 16:53:28.522] INFO [MAIN] Servidor Central iniciando - versão 1.0
[2025-09-28 16:53:28.522] INFO [GPIO-MOCK] init
[2025-09-28 16:53:28.522] INFO [GATE] Inicializando sistema de controle de cancelas...
[2025-09-28 16:53:28.523] INFO [GATE] Thread de controle da cancela ENTRADA iniciada
[2025-09-28 16:53:28.523] DEBUG [GPIO-MOCK] motor pin 24 -> 0
[2025-09-28 16:53:28.523] INFO [GATE] Sistema de cancelas inicializado com sucesso
[2025-09-28 16:53:28.523] INFO [PARKING] Inicializando sistema de estacionamento...
[2025-09-28 16:53:28.523] INFO [PARKING] Sistema inicializado - Total de vagas: 24
[2025-09-28 16:53:28.523] INFO [GATE] Thread de controle da cancela SAÍDA iniciada
[2025-09-28 16:53:28.523] DEBUG [GPIO-MOCK] motor pin 25 -> 0
[2025-09-28 16:53:28.623] DEBUG [GPIO-MOCK] motor pin 24 -> 0
[2025-09-28 16:53:28.623] DEBUG [GPIO-MOCK] motor pin 25 -> 0
[2025-09-28 16:53:28.723] DEBUG [GPIO-MOCK] motor pin 24 -> 0
[2025-09-28 16:53:28.723] DEBUG [GPIO-MOCK] motor pin 25 -> 0
[2025-09-28 16:53:28.823] DEBUG [GPIO-MOCK] motor pin 24 -> 0
[2025-09-28 16:53:28.823] DEBUG [GPIO-MOCK] motor pin 25 -> 0
[2025-09-28 16:53:28.924] DEBUG [GPIO-MOCK] motor pin 24 -> 0
[2025-09-28 16:53:28.924] DEBUG [GPIO-MOCK] motor pin 25 -> 0
[2025-09-28 16:53:29.024] DEBUG [GPIO-MOCK] motor pin 24 -> 0
[2025-09-28 16:53:29.024] DEBUG [GPIO-MOCK] motor pin 25 -> 0
[2025-09-28 16:53:29.124] DEBUG [GPIO-MOCK] motor pin 24 -> 0
[2025-09-28 16:53:29.124] DEBUG [GPIO-MOCK] motor pin 25 -> 0
[2025-09-28 16:53:29.224] DEBUG [GPIO-MOCK] motor pin 24 -> 0
[2025-09-28 16:53:29.224] DEBUG [GPIO-MOCK] motor pin 25 -> 0
[2025-09-28 16:53:29.324] DEBUG [GPIO-MOCK] motor pin 24 -> 0
[2025-09-28 16:53:29.325] DEBUG [GPIO-MOCK] motor pin 25 -> 0
[2025-09-28 16:53:29.425] DEBUG [GPIO-MOCK] motor pin 24 -> 0
[2025-09-28 16:53:29.425] DEBUG [GPIO-MOCK] motor pin 25 -> 0
[2025-09-28 16:53:29.525] DEBUG [GPIO-MOCK] motor pin 24 -> 0
[2025-09-28 16:53:29.525] DEBUG [GPIO-MOCK] motor pin 25 -> 0
[2025-09-28 16:53:29.625] DEBUG [GPIO-MOCK] motor pin 24 -> 0
[2025-09-28 16:53:29.625] DEBUG [GPIO-MOCK] motor pin 25 -> 0
[2025-09-28 16:53:29.725] DEBUG [GPIO-MOCK] motor pin 24 -> 0
[2025-09-28 16:53:29.725] DEBUG [GPIO-MOCK] motor pin 25 -> 0
[2025-09-28 16:53:29.825] DEBUG [GPIO-MOCK] motor pin 24 -> 0
[2025-09-28 16:53:29.826] DEBUG [GPIO-MOCK] motor pin 25 -> 0
[2025-09-28 16:53:29.926] DEBUG [GPIO-MOCK] motor pin 24 -> 0
[2025-09-28 16:53:29.926] DEBUG [GPIO-MOCK] motor pin 25 -> 0
[2025-09-28 16:53:30.026] DEBUG [GPIO-MOCK] motor pin 24 -> 0
[2025-09-28 16:53:30.026] DEBUG [GPIO-MOCK] motor pin 25 -> 0
[2025-09-28 16:53:30.127] DEBUG [GPIO-MOCK] motor pin 24 -> 0
[2025-09-28 16:53:30.127] DEBUG [GPIO-MOCK] motor pin 25 -> 0
[2025-09-28 16:53:30.227] DEBUG [GPIO-MOCK] motor pin 24 -> 0
[2025-09-28 16:53:30.227] DEBUG [GPIO-MOCK] motor pin 25 -> 0
[2025-09-28 16:53:30.327] DEBUG [GPIO-MOCK] motor pin 24 -> 0
[2025-09-28 16:53:30.327] DEBUG [GPIO-MOCK] motor pin 25 -> 0
[2025-09-28 16:53:30.427] DEBUG [GPIO-MOCK] motor pin 24 -> 0
[2025-09-28 16:53:30.428] DEBUG [GPIO-MOCK] motor pin 25 -> 0
[2025-09-28 16:53:30.528] DEBUG [GPIO-MOCK] motor pin 24 -> 0
[2025-09-28 16:53:30.528] DEBUG [GPIO-MOCK] motor pin 25 -> 0
[2025-09-28 16:53:30.628] DEBUG [GPIO-MOCK] motor pin 24 -> 0
[2025-09-28 16:53:30.628] DEBUG [GPIO-MOCK] motor pin 25 -> 0
[2025-09-28 16:53:30.729] DEBUG [GPIO-MOCK] motor pin 25 -> 0
[2025-09-28 16:53:30.729] DEBUG [GPIO-MOCK] motor pin 24 -> 0
[2025-09-28 16:53:30.829] DEBUG [GPIO-MOCK] motor pin 25 -> 0
[2025-09-28 16:53:30.829] DEBUG [GPIO-MOCK] motor pin 24 -> 0
[2025-09-28 16:53:30.930] DEBUG [GPIO-MOCK] motor pin 25 -> 0
[2025-09-28 16:53:30.930] DEBUG [GPIO-MOCK] motor pin 24 -> 0
[2025-09-28 16:53:31.030] DEBUG [GPIO-MOCK] motor pin 25 -> 0
[2025-09-28 16:53:31.030] DEBUG [GPIO-MOCK] motor pin 24 -> 0
[2025-09-28 16:53:31.130] DEBUG [GPIO-MOCK] motor pin 25 -> 0
[2025-09-28 16:53:31.130] DEBUG [GPIO-MOCK] motor pin 24 -> 0
[2025-09-28 16:53:31.230] DEBUG [GPIO-MOCK] motor pin 25 -> 0
[2025-09-28 16:53:31.231] DEBUG [GPIO-MOCK] motor pin 24 -> 0
[2025-09-28 16:53:31.331] DEBUG [GPIO-MOCK] motor pin 24 -> 0
[2025-09-28 16:53:31.331] DEBUG [GPIO-MOCK] motor pin 25 -> 0
[2025-09-28 16:53:31.431] DEBUG [GPIO-MOCK] motor pin 24 -> 0
[2025-09-28 16:53:31.432] DEBUG [GPIO-MOCK] motor pin 25 -> 0
[2025-09-28 16:53:31.532] DEBUG [GPIO-MOCK] motor pin 24 -> 0
[2025-09-28 16:53:31.532] DEBUG [GPIO-MOCK] motor pin 25 -> 0
[2025-09-28 16:53:31.632] DEBUG [GPIO-MOCK] motor pin 24 -> 0
[2025-09-28 16:53:31.632] DEBUG [GPIO-MOCK] motor pin 25 -> 0
[2025-09-28 16:53:31.732] DEBUG [GPIO-MOCK] motor pin 24 -> 0
[2025-09-28 16:53:31.733] DEBUG [GPIO-MOCK] motor pin 25 -> 0
[2025-09-28 16:53:31.833] DEBUG [GPIO-MOCK] motor pin 24 -> 0
[2025-09-28 16:53:31.833] DEBUG [GPIO-MOCK] motor pin 25 -> 0
[2025-09-28 16:53:31.933] DEBUG [GPIO-MOCK] motor pin 24 -> 0
[2025-09-28 16:53:31.933] DEBUG [GPIO-MOCK] motor pin 25 -> 0
[2025-09-28 16:53:32.033] DEBUG [GPIO-MOCK] motor pin 24 -> 0
[2025-09-28 16:53:32.033] DEBUG [GPIO-MOCK] motor pin 25 -> 0
[2025-09-28 16:53:32.134] DEBUG [GPIO-MOCK] motor pin 24 -> 0
[2025-09-28 16:53:32.134] DEBUG [GPIO-MOCK] motor pin 25 -> 0
[2025-09-28 16:53:32.234] DEBUG [GPIO-MOCK] motor pin 24 -> 0
[2025-09-28 16:53:32.234] DEBUG [GPIO-MOCK] motor pin 25 -> 0
[2025-09-28 16:53:32.334] DEBUG [GPIO-MOCK] motor pin 24 -> 0
[2025-09-28 16:53:32.334] DEBUG [GPIO-MOCK] motor pin 25 -> 0
[2025-09-28 16:53:32.435] DEBUG [GPIO-MOCK] motor pin 25 -> 0
[2025-09-28 16:53:32.435] DEBUG [GPIO-MOCK] motor pin 24 -> 0
[2025-09-28 16:53:32.535] DEBUG [GPIO-MOCK] motor pin 25 -> 0
[2025-09-28 16:53:32.535] DEBUG [GPIO-MOCK] motor pin 24 -> 0
[2025-09-28 16:53:32.635] DEBUG [GPIO-MOCK] motor pin 25 -> 0
[2025-09-28 16:53:32.635] DEBUG [GPIO-MOCK] motor pin 24 -> 0
[2025-09-28 16:53:32.735] DEBUG [GPIO-MOCK] motor pin 25 -> 0
[2025-09-28 16:53:32.736] DEBUG [GPIO-MOCK] motor pin 24 -> 0
[2025-09-28 16:53:32.836] DEBUG [GPIO-MOCK] motor pin 25 -> 0
[2025-09-28 16:53:32.836] DEBUG [GPIO-MOCK] motor pin 24 -> 0
[2025-09-28 16:53:32.936] DEBUG [GPIO-MOCK] motor pin 25 -> 0
[2025-09-28 16:53:32.936] DEBUG [GPIO-MOCK] motor pin 24 -> 0
[2025-09-28 16:53:33.036] DEBUG [GPIO-MOCK] motor pin 25 -> 0
[2025-09-28 16:53:33.036] DEBUG [GPIO-MOCK] motor pin 24 -> 0
[2025-09-28 16:53:33.136] DEBUG [GPIO-MOCK] motor pin 25 -> 0
[2025-09-28 16:53:33.136] DEBUG [GPIO-MOCK] motor pin 24 -> 0
[2025-09-28 16:53:33.236] DEBUG [GPIO-MOCK] motor pin 25 -> 0
[2025-09-28 16:53:33.236] DEBUG [GPIO-MOCK] motor pin 24 -> 0
[2025-09-28 16:53:33.336] DEBUG [GPIO-MOCK] motor pin 25 -> 0
[2025-09-28 16:53:33.337] DEBUG [GPIO-MOCK] motor pin 24 -> 0
[2025-09-28 16:53:33.437] DEBUG [GPIO-MOCK] motor pin 25 -> 0
[2025-09-28 16:53:33.437] DEBUG [GPIO-MOCK] motor pin 24 -> 0
[2025-09-28 16:53:33.537] DEBUG [GPIO-MOCK] motor pin 25 -> 0
[2025-09-28 16:53:33.537] DEBUG [GPIO-MOCK] motor pin 24 -> 0
[2025-09-28 16:53:33.637] DEBUG [GPIO-MOCK] motor pin 25 -> 0
[2025-09-28 16:53:33.644] DEBUG [GPIO-MOCK] motor pin 24 -> 0
[2025-09-28 16:53:33.737] DEBUG [GPIO-MOCK] motor pin 25 -> 0
[2025-09-28 16:53:33.745] DEBUG [GPIO-MOCK] motor pin 24 -> 0
[2025-09-28 16:53:33.837] DEBUG [GPIO-MOCK] motor pin 25 -> 0
[2025-09-28 16:53:33.845] DEBUG [GPIO-MOCK] motor pin 24 -> 0
[2025-09-28 16:53:33.937] DEBUG [GPIO-MOCK] motor pin 25 -> 0
[2025-09-28 16:53:33.945] DEBUG [GPIO-MOCK] motor pin 24 -> 0
[2025-09-28 16:53:34.037] DEBUG [GPIO-MOCK] motor pin 25 -> 0
[2025-09-28 16:53:34.045] DEBUG [GPIO-MOCK] motor pin 24 -> 0
[2025-09-28 16:53:34.138] DEBUG [GPIO-MOCK] motor pin 25 -> 0
[2025-09-28 16:53:34.145] DEBUG [GPIO-MOCK] motor pin 24 -> 0
[2025-09-28 16:53:34.238] DEBUG [GPIO-MOCK] motor pin 25 -> 0
[2025-09-28 16:53:34.245] DEBUG [GPIO-MOCK] motor pin 24 -> 0
[2025-09-28 16:53:34.338] DEBUG [GPIO-MOCK] motor pin 25 -> 0
[2025-09-28 16:53:34.345] DEBUG [GPIO-MOCK] motor pin 24 -> 0
[2025-09-28 16:53:34.438] DEBUG [GPIO-MOCK] motor pin 25 -> 0
[2025-09-28 16:53:34.446] DEBUG [GPIO-MOCK] motor pin 24 -> 0
[2025-09-28 16:53:34.538] DEBUG [GPIO-MOCK] motor pin 25 -> 0
[2025-09-28 16:53:34.546] DEBUG [GPIO-MOCK] motor pin 24 -> 0
[2025-09-28 16:53:34.639] DEBUG [GPIO-MOCK] motor pin 25 -> 0
[2025-09-28 16:53:34.646] DEBUG [GPIO-MOCK] motor pin 24 -> 0
[2025-09-28 16:53:34.739] DEBUG [GPIO-MOCK] motor pin 25 -> 0
[2025-09-28 16:53:34.746] DEBUG [GPIO-MOCK] motor pin 24 -> 0
[2025-09-28 16:53:34.839] DEBUG [GPIO-MOCK] motor pin 25 -> 0
[2025-09-28 16:53:34.846] DEBUG [GPIO-MOCK] motor pin 24 -> 0
[2025-09-28 16:53:34.940] DEBUG [GPIO-MOCK] motor pin 25 -> 0
[2025-09-28 16:53:34.947] DEBUG [GPIO-MOCK] motor pin 24 -> 0
[2025-09-28 16:53:35.040] DEBUG [GPIO-MOCK] motor pin 25 -> 0
[2025-09-28 16:53:35.047] DEBUG [GPIO-MOCK] motor pin 24 -> 0
[2025-09-28 16:53:35.141] DEBUG [GPIO-MOCK] motor pin 25 -> 0
[2025-09-28 16:53:35.147] DEBUG [GPIO-MOCK] motor pin 24 -> 0
[2025-09-28 16:53:35.241] DEBUG [GPIO-MOCK] motor pin 25 -> 0
[2025-09-28 16:53:35.247] DEBUG [GPIO-MOCK] motor pin 24 -> 0
[2025-09-28 16:53:35.341] DEBUG [GPIO-MOCK] motor pin 25 -> 0
[2025-09-28 16:53:35.347] DEBUG [GPIO-MOCK] motor pin 24 -> 0
[2025-09-28 16:53:35.441] DEBUG [GPIO-MOCK] motor pin 25 -> 0
[2025-09-28 16:53:35.448] DEBUG [GPIO-MOCK] motor pin 24 -> 0
[2025-09-28 16:53:35.541] DEBUG [GPIO-MOCK] motor pin 25 -> 0
[2025-09-28 16:53:35.548] DEBUG [GPIO-MOCK] motor pin 24 -> 0
[2025-09-28 16:53:35.642] DEBUG [GPIO-MOCK] motor pin 25 -> 0
[2025-09-28 16:53:35.648] DEBUG [GPIO-MOCK] motor pin 24 -> 0
[2025-09-28 16:53:35.742] DEBUG [GPIO-MOCK] motor pin 25 -> 0
[2025-09-28 16:53:35.748] DEBUG [GPIO-MOCK] motor pin 24 -> 0
[2025-09-28 16:53:35.842] DEBUG [GPIO-MOCK] motor pin 25 -> 0
[2025-09-28 16:53:35.848] DEBUG [GPIO-MOCK] motor pin 24 -> 0
[2025-09-28 16:53:35.943] DEBUG [GPIO-MOCK] motor pin 25 -> 0
[2025-09-28 16:53:35.949] DEBUG [GPIO-MOCK] motor pin 24 -> 0
[2025-09-28 16:53:36.043] DEBUG [GPIO-MOCK] motor pin 25 -> 0
[2025-09-28 16:53:36.049] DEBUG [GPIO-MOCK] motor pin 24 -> 0
[2025-09-28 16:53:36.144] DEBUG [GPIO-MOCK] motor pin 25 -> 0
[2025-09-28 16:53:36.149] DEBUG [GPIO-MOCK] motor pin 24 -> 0
[2025-09-28 16:53:36.244] DEBUG [GPIO-MOCK] motor pin 25 -> 0
[2025-09-28 16:53:36.249] DEBUG [GPIO-MOCK] motor pin 24 -> 0
[2025-09-28 16:53:36.345] DEBUG [GPIO-MOCK] motor pin 25 -> 0
[2025-09-28 16:53:36.350] DEBUG [GPIO-MOCK] motor pin 24 -> 0
[2025-09-28 16:53:36.445] DEBUG [GPIO-MOCK] motor pin 25 -> 0
[2025-09-28 16:53:36.450] DEBUG [GPIO-MOCK] motor pin 24 -> 0
[2025-09-28 16:53:36.545] DEBUG [GPIO-MOCK] motor pin 25 -> 0
[2025-09-28 16:53:36.550] DEBUG [GPIO-MOCK] motor pin 24 -> 0
[2025-09-28 16:53:36.646] DEBUG [GPIO-MOCK] motor pin 25 -> 0
[2025-09-28 16:53:36.650] DEBUG [GPIO-MOCK] motor pin 24 -> 0
[2025-09-28 16:53:36.746] DEBUG [GPIO-MOCK] motor pin 25 -> 0
[2025-09-28 16:53:36.751] DEBUG [GPIO-MOCK] motor pin 24 -> 0
[2025-09-28 16:53:36.846] DEBUG [GPIO-MOCK] motor pin 25 -> 0
[2025-09-28 16:53:36.851] DEBUG [GPIO-MOCK] motor pin 24 -> 0
[2025-09-28 16:53:36.947] DEBUG [GPIO-MOCK] motor pin 25 -> 0
[2025-09-28 16:53:36.952] DEBUG [GPIO-MOCK] motor pin 24 -> 0
[2025-09-28 16:53:37.047] DEBUG [GPIO-MOCK] motor pin 25 -> 0
[2025-09-28 16:53:37.052] DEBUG [GPIO-MOCK] motor pin 24 -> 0
[2025-09-28 16:53:37.147] DEBUG [GPIO-MOCK] motor pin 25 -> 0
[2025-09-28 16:53:37.152] DEBUG [GPIO-MOCK] motor pin 24 -> 0
[2025-09-28 16:53:37.248] DEBUG [GPIO-MOCK] motor pin 25 -> 0
[2025-09-28 16:53:37.252] DEBUG [GPIO-MOCK] motor pin 24 -> 0
[2025-09-28 16:53:37.348] DEBUG [GPIO-MOCK] motor pin 25 -> 0
[2025-09-28 16:53:37.353] DEBUG [GPIO-MOCK] motor pin 24 -> 0
[2025-09-28 16:53:37.448] DEBUG [GPIO-MOCK] motor pin 25 -> 0
[2025-09-28 16:53:37.453] DEBUG [GPIO-MOCK] motor pin 24 -> 0
[2025-09-28 16:53:37.548] DEBUG [GPIO-MOCK] motor pin 25 -> 0
[2025-09-28 16:53:37.553] DEBUG [GPIO-MOCK] motor pin 24 -> 0
[2025-09-28 16:53:37.648] DEBUG [GPIO-MOCK] motor pin 25 -> 0
[2025-09-28 16:53:37.654] DEBUG [GPIO-MOCK] motor pin 24 -> 0
[2025-09-28 16:53:37.749] DEBUG [GPIO-MOCK] motor pin 25 -> 0
[2025-09-28 16:53:37.754] DEBUG [GPIO-MOCK] motor pin 24 -> 0
[2025-09-28 16:53:37.849] DEBUG [GPIO-MOCK] motor pin 25 -> 0
[2025-09-28 16:53:37.854] DEBUG [GPIO-MOCK] motor pin 24 -> 0
[2025-09-28 16:53:37.949] DEBUG [GPIO-MOCK] motor pin 25 -> 0
[2025-09-28 16:53:37.955] DEBUG [GPIO-MOCK] motor pin 24 -> 0
[2025-09-28 16:53:38.049] DEBUG [GPIO-MOCK] motor pin 25 -> 0
[2025-09-28 16:53:38.055] DEBUG [GPIO-MOCK] motor pin 24 -> 0
[2025-09-28 16:53:38.149] DEBUG [GPIO-MOCK] motor pin 25 -> 0
[2025-09-28 16:53:38.155] DEBUG [GPIO-MOCK] motor pin 24 -> 0
[2025-09-28 16:53:38.249] DEBUG [GPIO-MOCK] motor pin 25 -> 0
[2025-09-28 16:53:38.255] DEBUG [GPIO-MOCK] motor pin 24 -> 0
[2025-09-28 16:53:38.350] DEBUG [GPIO-MOCK] motor pin 25 -> 0
[2025-09-28 16:53:38.355] DEBUG [GPIO-MOCK] motor pin 24 -> 0
[2025-09-28 16:53:38.450] DEBUG [GPIO-MOCK] motor pin 25 -> 0
[2025-09-28 16:53:38.456] DEBUG [GPIO-MOCK] motor pin 24 -> 0
[2025-09-28 16:53:38.550] DEBUG [GPIO-MOCK] motor pin 25 -> 0
[2025-09-28 16:53:38.556] DEBUG [GPIO-MOCK] motor pin 24 -> 0
[2025-09-28 16:53:38.650] DEBUG [GPIO-MOCK] motor pin 25 -> 0
[2025-09-28 16:53:38.656] DEBUG [GPIO-MOCK] motor pin 24 -> 0
[2025-09-28 16:53:38.750] DEBUG [GPIO-MOCK] motor pin 25 -> 0
[2025-09-28 16:53:38.756] DEBUG [GPIO-MOCK] motor pin 24 -> 0
[2025-09-28 16:53:38.850] DEBUG [GPIO-MOCK] motor pin 25 -> 0
[2025-09-28 16:53:38.856] DEBUG [GPIO-MOCK] motor pin 24 -> 0
[2025-09-28 16:53:38.951] DEBUG [GPIO-MOCK] motor pin 25 -> 0
[2025-09-28 16:53:38.957] DEBUG [GPIO-MOCK] motor pin 24 -> 0
[2025-09-28 16:53:39.051] DEBUG [GPIO-MOCK] motor pin 25 -> 0
[2025-09-28 16:53:39.057] DEBUG [GPIO-MOCK] motor pin 24 -> 0
[2025-09-28 16:53:39.151] DEBUG [GPIO-MOCK] motor pin 25 -> 0
[2025-09-28 16:53:39.157] DEBUG [GPIO-MOCK] motor pin 24 -> 0
[2025-09-28 16:53:39.252] DEBUG [GPIO-MOCK] motor pin 25 -> 0
[2025-09-28 16:53:39.258] DEBUG [GPIO-MOCK] motor pin 24 -> 0
[2025-09-28 16:53:39.352] DEBUG [GPIO-MOCK] motor pin 25 -> 0
[2025-09-28 16:53:39.358] DEBUG [GPIO-MOCK] motor pin 24 -> 0
[2025-09-28 16:53:39.452] DEBUG [GPIO-MOCK] motor pin 25 -> 0
[2025-09-28 16:53:39.458] DEBUG [GPIO-MOCK] motor pin 24 -> 0
[2025-09-28 16:53:39.552] DEBUG [GPIO-MOCK] motor pin 25 -> 0
[2025-09-28 16:53:39.558] DEBUG [GPIO-MOCK] motor pin 24 -> 0
[2025-09-28 16:53:39.653] DEBUG [GPIO-MOCK] motor pin 25 -> 0
[2025-09-28 16:53:39.659] DEBUG [GPIO-MOCK] motor pin 24 -> 0
[2025-09-28 16:53:39.753] DEBUG [GPIO-MOCK] motor pin 25 -> 0
[2025-09-28 16:53:39.759] DEBUG [GPIO-MOCK] motor pin 24 -> 0
[2025-09-28 16:53:39.853] DEBUG [GPIO-MOCK] motor pin 25 -> 0
[2025-09-28 16:53:39.859] DEBUG [GPIO-MOCK] motor pin 24 -> 0
[2025-09-28 16:53:39.953] DEBUG [GPIO-MOCK] motor pin 25 -> 0
[2025-09-28 16:53:39.960] DEBUG [GPIO-MOCK] motor pin 24 -> 0
[2025-09-28 16:53:40.054] DEBUG [GPIO-MOCK] motor pin 25 -> 0
[2025-09-28 16:53:40.060] DEBUG [GPIO-MOCK] motor pin 24 -> 0
[2025-09-28 16:53:40.154] DEBUG [GPIO-MOCK] motor pin 25 -> 0
[2025-09-28 16:53:40.160] DEBUG [GPIO-MOCK] motor pin 24 -> 0
[2025-09-28 16:53:40.254] DEBUG [GPIO-MOCK] motor pin 25 -> 0
[2025-09-28 16:53:40.260] DEBUG [GPIO-MOCK] motor pin 24 -> 0
[2025-09-28 16:53:40.354] DEBUG [GPIO-MOCK] motor pin 25 -> 0
[2025-09-28 16:53:40.360] DEBUG [GPIO-MOCK] motor pin 24 -> 0
[2025-09-28 16:53:40.455] DEBUG [GPIO-MOCK] motor pin 25 -> 0
[2025-09-28 16:53:40.461] DEBUG [GPIO-MOCK] motor pin 24 -> 0
[2025-09-28 16:53:40.555] DEBUG [GPIO-MOCK] motor pin 25 -> 0
[2025-09-28 16:53:40.561] DEBUG [GPIO-MOCK] motor pin 24 -> 0
[2025-09-28 16:53:40.655] DEBUG [GPIO-MOCK] motor pin 25 -> 0
[2025-09-28 16:53:40.661] DEBUG [GPIO-MOCK] motor pin 24 -> 0
[2025-09-28 16:53:40.755] DEBUG [GPIO-MOCK] motor pin 25 -> 0
[2025-09-28 16:53:40.761] DEBUG [GPIO-MOCK] motor pin 24 -> 0
[2025-09-28 16:53:40.855] DEBUG [GPIO-MOCK] motor pin 25 -> 0
[2025-09-28 16:53:40.861] DEBUG [GPIO-MOCK] motor pin 24 -> 0
[2025-09-28 16:53:40.956] DEBUG [GPIO-MOCK] motor pin 25 -> 0
[2025-09-28 16:53:40.962] DEBUG [GPIO-MOCK] motor pin 24 -> 0
[2025-09-28 16:53:41.056] DEBUG [GPIO-MOCK] motor pin 25 -> 0
[2025-09-28 16:53:41.062] DEBUG [GPIO-MOCK] motor pin 24 -> 0
[2025-09-28 16:53:41.156] DEBUG [GPIO-MOCK] motor pin 25 -> 0
[2025-09-28 16:53:41.162] DEBUG [GPIO-MOCK] motor pin 24 -> 0
[2025-09-28 16:53:41.256] DEBUG [GPIO-MOCK] motor pin 25 -> 0
[2025-09-28 16:53:41.262] DEBUG [GPIO-MOCK] motor pin 24 -> 0
[2025-09-28 16:53:41.356] DEBUG [GPIO-MOCK] motor pin 25 -> 0
[2025-09-28 16:53:41.362] DEBUG [GPIO-MOCK] motor pin 24 -> 0
[2025-09-28 16:53:41.457] DEBUG [GPIO-MOCK] motor pin 25 -> 0
[2025-09-28 16:53:41.463] DEBUG [GPIO-MOCK] motor pin 24 -> 0
[2025-09-28 16:53:41.557] DEBUG [GPIO-MOCK] motor pin 25 -> 0
[2025-09-28 16:53:41.563] DEBUG [GPIO-MOCK] motor pin 24 -> 0
[2025-09-28 16:53:41.657] DEBUG [GPIO-MOCK] motor pin 25 -> 0
[2025-09-28 16:53:41.663] DEBUG [GPIO-MOCK] motor pin 24 -> 0
[2025-09-28 16:53:41.757] DEBUG [GPIO-MOCK] motor pin 25 -> 0
[2025-09-28 16:53:41.763] DEBUG [GPIO-MOCK] motor pin 24 -> 0
[2025-09-28 16:53:41.858] DEBUG [GPIO-MOCK] motor pin 25 -> 0
[2025-09-28 16:53:41.864] DEBUG [GPIO-MOCK] motor pin 24 -> 0
[2025-09-28 16:53:41.958] DEBUG [GPIO-MOCK] motor pin 25 -> 0
[2025-09-28 16:53:41.964] DEBUG [GPIO-MOCK] motor pin 24 -> 0
[2025-09-28 16:53:42.058] DEBUG [GPIO-MOCK] motor pin 25 -> 0
[2025-09-28 16:53:42.064] DEBUG [GPIO-MOCK] motor pin 24 -> 0
[2025-09-28 16:53:42.158] DEBUG [GPIO-MOCK] motor pin 25 -> 0
[2025-09-28 16:53:42.164] DEBUG [GPIO-MOCK] motor pin 24 -> 0
[2025-09-28 16:53:42.258] DEBUG [GPIO-MOCK] motor pin 25 -> 0
[2025-09-28 16:53:42.264] DEBUG [GPIO-MOCK] motor pin 24 -> 0
[2025-09-28 16:53:42.359] DEBUG [GPIO-MOCK] motor pin 25 -> 0
[2025-09-28 16:53:42.365] DEBUG [GPIO-MOCK] motor pin 24 -> 0
[2025-09-28 16:53:42.459] DEBUG [GPIO-MOCK] motor pin 25 -> 0
[2025-09-28 16:53:42.465] DEBUG [GPIO-MOCK] motor pin 24 -> 0
[2025-09-28 16:53:42.559] DEBUG [GPIO-MOCK] motor pin 25 -> 0
[2025-09-28 16:53:42.565] DEBUG [GPIO-MOCK] motor pin 24 -> 0
[2025-09-28 16:53:42.659] DEBUG [GPIO-MOCK] motor pin 25 -> 0
[2025-09-28 16:53:42.665] DEBUG [GPIO-MOCK] motor pin 24 -> 0
[2025-09-28 16:53:42.759] DEBUG [GPIO-MOCK] motor pin 25 -> 0
[2025-09-28 16:53:42.765] DEBUG [GPIO-MOCK] motor pin 24 -> 0
[2025-09-28 16:53:42.860] DEBUG [GPIO-MOCK] motor pin 25 -> 0
[2025-09-28 16:53:42.866] DEBUG [GPIO-MOCK] motor pin 24 -> 0
[2025-09-28 16:53:42.960] DEBUG [GPIO-MOCK] motor pin 25 -> 0
[2025-09-28 16:53:42.966] DEBUG [GPIO-MOCK] motor pin 24 -> 0
[2025-09-28 16:53:43.060] DEBUG [GPIO-MOCK] motor pin 25 -> 0
[2025-09-28 16:53:43.066] DEBUG [GPIO-MOCK] motor pin 24 -> 0
[2025-09-28 16:53:43.160] DEBUG [GPIO-MOCK] motor pin 25 -> 0
[2025-09-28 16:53:43.166] DEBUG [GPIO-MOCK] motor pin 24 -> 0
[2025-09-28 16:53:43.261] DEBUG [GPIO-MOCK] motor pin 25 -> 0
[2025-09-28 16:53:43.267] DEBUG [GPIO-MOCK] motor pin 24 -> 0
[2025-09-28 16:53:43.361] DEBUG [GPIO-MOCK] motor pin 25 -> 0
[2025-09-28 16:53:43.367] DEBUG [GPIO-MOCK] motor pin 24 -> 0
[2025-09-28 16:53:43.461] DEBUG [GPIO-MOCK] motor pin 25 -> 0
[2025-09-28 16:53:43.467] DEBUG [GPIO-MOCK] motor pin 24 -> 0
[2025-09-28 16:53:43.561] DEBUG [GPIO-MOCK] motor pin 25 -> 0
[2025-09-28 16:53:43.567] DEBUG [GPIO-MOCK] motor pin 24 -> 0
[2025-09-28 16:53:43.661] DEBUG [GPIO-MOCK] motor pin 25 -> 0
[2025-09-28 16:53:43.667] DEBUG [GPIO-MOCK] motor pin 24 -> 0
[2025-09-28 16:53:43.762] DEBUG [GPIO-MOCK] motor pin 25 -> 0
[2025-09-28 16:53:43.768] DEBUG [GPIO-MOCK] motor pin 24 -> 0
[2025-09-28 16:53:43.862] DEBUG [GPIO-MOCK] motor pin 25 -> 0
[2025-09-28 16:53:43.868] DEBUG [GPIO-MOCK] motor pin 24 -> 0
[2025-09-28 16:53:43.962] DEBUG [GPIO-MOCK] motor pin 25 -> 0
[2025-09-28 16:53:43.968] DEBUG [GPIO-MOCK] motor pin 24 -> 0
[2025-09-28 16:53:44.062] DEBUG [GPIO-MOCK] motor pin 25 -> 0
[2025-09-28 16:53:44.068] DEBUG [GPIO-MOCK] motor pin 24 -> 0
[2025-09-28 16:53:44.162] DEBUG [GPIO-MOCK] motor pin 25 -> 0
[2025-09-28 16:53:44.168] DEBUG [GPIO-MOCK] motor pin 24 -> 0
[2025-09-28 16:53:44.263] DEBUG [GPIO-MOCK] motor pin 25 -> 0
[2025-09-28 16:53:44.269] DEBUG [GPIO-MOCK] motor pin 24 -> 0
[2025-09-28 16:53:44.363] DEBUG [GPIO-MOCK] motor pin 25 -> 0
[2025-09-28 16:53:44.369] DEBUG [GPIO-MOCK] motor pin 24 -> 0
[2025-09-28 16:53:44.463] DEBUG [GPIO-MOCK] motor pin 25 -> 0
[2025-09-28 16:53:44.469] DEBUG [GPIO-MOCK] motor pin 24 -> 0
[2025-09-28 16:53:44.563] DEBUG [GPIO-MOCK] motor pin 25 -> 0
[2025-09-28 16:53:44.569] DEBUG [GPIO-MOCK] motor pin 24 -> 0
[2025-09-28 16:53:44.664] DEBUG [GPIO-MOCK] motor pin 25 -> 0
[2025-09-28 16:53:44.670] DEBUG [GPIO-MOCK] motor pin 24 -> 0
[2025-09-28 16:53:44.764] DEBUG [GPIO-MOCK] motor pin 25 -> 0
[2025-09-28 16:53:44.770] DEBUG [GPIO-MOCK] motor pin 24 -> 0
[2025-09-28 16:53:44.864] DEBUG [GPIO-MOCK] motor pin 25 -> 0
[2025-09-28 16:53:44.870] DEBUG [GPIO-MOCK] motor pin 24 -> 0
[2025-09-28 16:53:44.964] DEBUG [GPIO-MOCK] motor pin 25 -> 0
[2025-09-28 16:53:44.970] DEBUG [GPIO-MOCK] motor pin 24 -> 0
[2025-09-28 16:53:45.065] DEBUG [GPIO-MOCK] motor pin 25 -> 0
[2025-09-28 16:53:45.071] DEBUG [GPIO-MOCK] motor pin 24 -> 0
[2025-09-28 16:53:45.165] DEBUG [GPIO-MOCK] motor pin 25 -> 0
[2025-09-28 16:53:45.171] DEBUG [GPIO-MOCK] motor pin 24 -> 0
[2025-09-28 16:53:45.265] DEBUG [GPIO-MOCK] motor pin 25 -> 0
[2025-09-28 16:53:45.271] DEBUG [GPIO-MOCK] motor pin 24 -> 0
[2025-09-28 16:53:45.365] DEBUG [GPIO-MOCK] motor pin 25 -> 0
[2025-09-28 16:53:45.371] DEBUG [GPIO-MOCK] motor pin 24 -> 0
[2025-09-28 16:53:45.465] DEBUG [GPIO-MOCK] motor pin 25 -> 0
[2025-09-28 16:53:45.471] DEBUG [GPIO-MOCK] motor pin 24 -> 0
[2025-09-28 16:53:45.566] DEBUG [GPIO-MOCK] motor pin 25 -> 0
[2025-09-28 16:53:45.571] DEBUG [GPIO-MOCK] motor pin 24 -> 0
[2025-09-28 16:53:45.666] DEBUG [GPIO-MOCK] motor pin 25 -> 0
[2025-09-28 16:53:45.672] DEBUG [GPIO-MOCK] motor pin 24 -> 0
[2025-09-28 16:53:45.766] DEBUG [GPIO-MOCK] motor pin 25 -> 0
[2025-09-28 16:53:45.772] DEBUG [GPIO-MOCK] motor pin 24 -> 0
[2025-09-28 16:53:45.866] DEBUG [GPIO-MOCK] motor pin 25 -> 0
[2025-09-28 16:53:45.872] DEBUG [GPIO-MOCK] motor pin 24 -> 0
[2025-09-28 16:53:45.967] DEBUG [GPIO-MOCK] motor pin 25 -> 0
[2025-09-28 16:53:45.972] DEBUG [GPIO-MOCK] motor pin 24 -> 0
[2025-09-28 16:53:46.067] DEBUG [GPIO-MOCK] motor pin 25 -> 0
[2025-09-28 16:53:46.072] DEBUG [GPIO-MOCK] motor pin 24 -> 0
[2025-09-28 16:53:46.167] DEBUG [GPIO-MOCK] motor pin 25 -> 0
[2025-09-28 16:53:46.173] DEBUG [GPIO-MOCK] motor pin 24 -> 0
[2025-09-28 16:53:46.267] DEBUG [GPIO-MOCK] motor pin 25 -> 0
[2025-09-28 16:53:46.273] DEBUG [GPIO-MOCK] motor pin 24 -> 0
[2025-09-28 16:53:46.368] DEBUG [GPIO-MOCK] motor pin 25 -> 0
[2025-09-28 16:53:46.373] DEBUG [GPIO-MOCK] motor pin 24 -> 0
[2025-09-28 16:53:46.468] DEBUG [GPIO-MOCK] motor pin 25 -> 0
[2025-09-28 16:53:46.473] DEBUG [GPIO-MOCK] motor pin 24 -> 0
[2025-09-28 16:53:46.568] DEBUG [GPIO-MOCK] motor pin 25 -> 0
[2025-09-28 16:53:46.573] DEBUG [GPIO-MOCK] motor pin 24 -> 0
[2025-09-28 16:53:46.668] DEBUG [GPIO-MOCK] motor pin 25 -> 0
[2025-09-28 16:53:46.673] DEBUG [GPIO-MOCK] motor pin 24 -> 0
[2025-09-28 16:53:46.769] DEBUG [GPIO-MOCK] motor pin 25 -> 0
[2025-09-28 16:53:46.774] DEBUG [GPIO-MOCK] motor pin 24 -> 0
[2025-09-28 16:53:46.869] DEBUG [GPIO-MOCK] motor pin 25 -> 0
[2025-09-28 16:53:46.874] DEBUG [GPIO-MOCK] motor pin 24 -> 0
[2025-09-28 16:53:46.969] DEBUG [GPIO-MOCK] motor pin 25 -> 0
[2025-09-28 16:53:46.974] DEBUG [GPIO-MOCK] motor pin 24 -> 0
[2025-09-28 16:53:47.069] DEBUG [GPIO-MOCK] motor pin 25 -> 0
[2025-09-28 16:53:47.074] DEBUG [GPIO-MOCK] motor pin 24 -> 0
[2025-09-28 16:53:47.169] DEBUG [GPIO-MOCK] motor pin 25 -> 0
[2025-09-28 16:53:47.174] DEBUG [GPIO-MOCK] motor pin 24 -> 0
[2025-09-28 16:53:47.269] DEBUG [GPIO-MOCK] motor pin 25 -> 0
[2025-09-28 16:53:47.275] DEBUG [GPIO-MOCK] motor pin 24 -> 0
[2025-09-28 16:53:47.370] DEBUG [GPIO-MOCK] motor pin 25 -> 0
[2025-09-28 16:53:47.375] DEBUG [GPIO-MOCK] motor pin 24 -> 0
[2025-09-28 16:53:47.470] DEBUG [GPIO-MOCK] motor pin 25 -> 0
[2025-09-28 16:53:47.475] DEBUG [GPIO-MOCK] motor pin 24 -> 0
[2025-09-28 16:53:47.570] DEBUG [GPIO-MOCK] motor pin 25 -> 0
[2025-09-28 16:53:47.575] DEBUG [GPIO-MOCK] motor pin 24 -> 0
[2025-09-28 16:53:47.670] DEBUG [GPIO-MOCK] motor pin 25 -> 0
[2025-09-28 16:53:47.675] DEBUG [GPIO-MOCK] motor pin 24 -> 0
[2025-09-28 16:53:47.770] DEBUG [GPIO-MOCK] motor pin 25 -> 0
[2025-09-28 16:53:47.776] DEBUG [GPIO-MOCK] motor pin 24 -> 0
[2025-09-28 16:53:47.871] DEBUG [GPIO-MOCK] motor pin 25 -> 0
[2025-09-28 16:53:47.876] DEBUG [GPIO-MOCK] motor pin 24 -> 0
[2025-09-28 16:53:47.971] DEBUG [GPIO-MOCK] motor pin 25 -> 0
[2025-09-28 16:53:47.976] DEBUG [GPIO-MOCK] motor pin 24 -> 0
[2025-09-28 16:53:48.071] DEBUG [GPIO-MOCK] motor pin 25 -> 0
[2025-09-28 16:53:48.077] DEBUG [GPIO-MOCK] motor pin 24 -> 0
[2025-09-28 16:53:48.172] DEBUG [GPIO-MOCK] motor pin 25 -> 0
[2025-09-28 16:53:48.177] DEBUG [GPIO-MOCK] motor pin 24 -> 0
[2025-09-28 16:53:48.272] DEBUG [GPIO-MOCK] motor pin 25 -> 0
[2025-09-28 16:53:48.277] DEBUG [GPIO-MOCK] motor pin 24 -> 0
[2025-09-28 16:53:48.372] DEBUG [GPIO-MOCK] motor pin 25 -> 0
[2025-09-28 16:53:48.378] DEBUG [GPIO-MOCK] motor pin 24 -> 0
[2025-09-28 16:53:48.472] DEBUG [GPIO-MOCK] motor pin 25 -> 0
[2025-09-28 16:53:48.478] DEBUG [GPIO-MOCK] motor pin 24 -> 0
[2025-09-28 16:53:48.573] DEBUG [GPIO-MOCK] motor pin 25 -> 0
[2025-09-28 16:53:48.578] DEBUG [GPIO-MOCK] motor pin 24 -> 0
[2025-09-28 16:53:48.673] DEBUG [GPIO-MOCK] motor pin 25 -> 0
[2025-09-28 16:53:48.679] DEBUG [GPIO-MOCK] motor pin 24 -> 0
[2025-09-28 16:53:48.774] DEBUG [GPIO-MOCK] motor pin 25 -> 0
[2025-09-28 16:53:48.779] DEBUG [GPIO-MOCK] motor pin 24 -> 0
[2025-09-28 16:53:48.874] DEBUG [GPIO-MOCK] motor pin 25 -> 0
[2025-09-28 16:53:48.879] DEBUG [GPIO-MOCK] motor pin 24 -> 0
[2025-09-28 16:53:48.974] DEBUG [GPIO-MOCK] motor pin 25 -> 0
[2025-09-28 16:53:48.979] DEBUG [GPIO-MOCK] motor pin 24 -> 0
[2025-09-28 16:53:49.074] DEBUG [GPIO-MOCK] motor pin 25 -> 0
[2025-09-28 16:53:49.080] DEBUG [GPIO-MOCK] motor pin 24 -> 0
[2025-09-28 16:53:49.175] DEBUG [GPIO-MOCK] motor pin 25 -> 0
[2025-09-28 16:53:49.180] DEBUG [GPIO-MOCK] motor pin 24 -> 0
[2025-09-28 16:53:49.275] DEBUG [GPIO-MOCK] motor pin 25 -> 0
[2025-09-28 16:53:49.280] DEBUG [GPIO-MOCK] motor pin 24 -> 0
[2025-09-28 16:53:49.375] DEBUG [GPIO-MOCK] motor pin 25 -> 0
[2025-09-28 16:53:49.380] DEBUG [GPIO-MOCK] motor pin 24 -> 0
[2025-09-28 16:53:49.475] DEBUG [GPIO-MOCK] motor pin 25 -> 0
[2025-09-28 16:53:49.481] DEBUG [GPIO-MOCK] motor pin 24 -> 0
[2025-09-28 16:53:49.576] DEBUG [GPIO-MOCK] motor pin 25 -> 0
[2025-09-28 16:53:49.581] DEBUG [GPIO-MOCK] motor pin 24 -> 0
[2025-09-28 16:53:49.676] DEBUG [GPIO-MOCK] motor pin 25 -> 0
[2025-09-28 16:53:49.681] DEBUG [GPIO-MOCK] motor pin 24 -> 0
[2025-09-28 16:53:49.776] DEBUG [GPIO-MOCK] motor pin 25 -> 0
[2025-09-28 16:53:49.781] DEBUG [GPIO-MOCK] motor pin 24 -> 0
[2025-09-28 16:53:49.876] DEBUG [GPIO-MOCK] motor pin 25 -> 0
[2025-09-28 16:53:49.881] DEBUG [GPIO-MOCK] motor pin 24 -> 0
[2025-09-28 16:53:49.976] DEBUG [GPIO-MOCK] motor pin 25 -> 0
[2025-09-28 16:53:49.982] DEBUG [GPIO-MOCK] motor pin 24 -> 0
[2025-09-28 16:53:50.077] DEBUG [GPIO-MOCK] motor pin 25 -> 0
[2025-09-28 16:53:50.082] DEBUG [GPIO-MOCK] motor pin 24 -> 0
[2025-09-28 16:53:50.177] DEBUG [GPIO-MOCK] motor pin 25 -> 0
[2025-09-28 16:53:50.182] DEBUG [GPIO-MOCK] motor pin 24 -> 0
[2025-09-28 16:53:50.277] DEBUG [GPIO-MOCK] motor pin 25 -> 0
[2025-09-28 16:53:50.282] DEBUG [GPIO-MOCK] motor pin 24 -> 0
[2025-09-28 16:53:50.377] DEBUG [GPIO-MOCK] motor pin 25 -> 0
[2025-09-28 16:53:50.382] DEBUG [GPIO-MOCK] motor pin 24 -> 0
[2025-09-28 16:53:50.477] DEBUG [GPIO-MOCK] motor pin 25 -> 0
[2025-09-28 16:53:50.483] DEBUG [GPIO-MOCK] motor pin 24 -> 0
[2025-09-28 16:53:50.577] DEBUG [GPIO-MOCK] motor pin 25 -> 0
[2025-09-28 16:53:50.583] DEBUG [GPIO-MOCK] motor pin 24 -> 0
[2025-09-28 16:53:50.678] DEBUG [GPIO-MOCK] motor pin 25 -> 0
[2025-09-28 16:53:50.683] DEBUG [GPIO-MOCK] motor pin 24 -> 0
[2025-09-28 16:53:50.778] DEBUG [GPIO-MOCK] motor pin 25 -> 0
[2025-09-28 16:53:50.784] DEBUG [GPIO-MOCK] motor pin 24 -> 0
[2025-09-28 16:53:50.878] DEBUG [GPIO-MOCK] motor pin 25 -> 0
[2025-09-28 16:53:50.884] DEBUG [GPIO-MOCK] motor pin 24 -> 0
[2025-09-28 16:53:50.978] DEBUG [GPIO-MOCK] motor pin 25 -> 0
[2025-09-28 16:53:50.984] DEBUG [GPIO-MOCK] motor pin 24 -> 0
[2025-09-28 16:53:51.079] DEBUG [GPIO-MOCK] motor pin 25 -> 0
[2025-09-28 16:53:51.084] DEBUG [GPIO-MOCK] motor pin 24 -> 0
[2025-09-28 16:53:51.179] DEBUG [GPIO-MOCK] motor pin 25 -> 0
[2025-09-28 16:53:51.184] DEBUG [GPIO-MOCK] motor pin 24 -> 0
[2025-09-28 16:53:51.279] DEBUG [GPIO-MOCK] motor pin 25 -> 0
[2025-09-28 16:53:51.284] DEBUG [GPIO-MOCK] motor pin 24 -> 0
[2025-09-28 16:53:51.380] DEBUG [GPIO-MOCK] motor pin 25 -> 0
[2025-09-28 16:53:51.385] DEBUG [GPIO-MOCK] motor pin 24 -> 0
[2025-09-28 16:53:51.480] DEBUG [GPIO-MOCK] motor pin 25 -> 0
[2025-09-28 16:53:51.485] DEBUG [GPIO-MOCK] motor pin 24 -> 0
[2025-09-28 16:53:51.580] DEBUG [GPIO-MOCK] motor pin 25 -> 0
[2025-09-28 16:53:51.585] DEBUG [GPIO-MOCK] motor pin 24 -> 0
[2025-09-28 16:53:51.680] DEBUG [GPIO-MOCK] motor pin 25 -> 0
[2025-09-28 16:53:51.685] DEBUG [GPIO-MOCK] motor pin 24 -> 0
[2025-09-28 16:53:51.781] DEBUG [GPIO-MOCK] motor pin 25 -> 0
[2025-09-28 16:53:51.785] DEBUG [GPIO-MOCK] motor pin 24 -> 0
[2025-09-28 16:53:51.881] DEBUG [GPIO-MOCK] motor pin 25 -> 0
[2025-09-28 16:53:51.885] DEBUG [GPIO-MOCK] motor pin 24 -> 0
[2025-09-28 16:53:51.981] DEBUG [GPIO-MOCK] motor pin 25 -> 0
[2025-09-28 16:53:51.986] DEBUG [GPIO-MOCK] motor pin 24 -> 0
[2025-09-28 16:53:52.081] DEBUG [GPIO-MOCK] motor pin 25 -> 0
[2025-09-28 16:53:52.086] DEBUG [GPIO-MOCK] motor pin 24 -> 0
[2025-09-28 16:53:52.182] DEBUG [GPIO-MOCK] motor pin 25 -> 0
[2025-09-28 16:53:52.186] DEBUG [GPIO-MOCK] motor pin 24 -> 0
[2025-09-28 16:53:52.282] DEBUG [GPIO-MOCK] motor pin 25 -> 0
[2025-09-28 16:53:52.286] DEBUG [GPIO-MOCK] motor pin 24 -> 0
[2025-09-28 16:53:52.382] DEBUG [GPIO-MOCK] motor pin 25 -> 0
[2025-09-28 16:53:52.386] DEBUG [GPIO-MOCK] motor pin 24 -> 0
[2025-09-28 16:53:52.482] DEBUG [GPIO-MOCK] motor pin 25 -> 0
[2025-09-28 16:53:52.486] DEBUG [GPIO-MOCK] motor pin 24 -> 0
[2025-09-28 16:53:52.582] DEBUG [GPIO-MOCK] motor pin 25 -> 0
[2025-09-28 16:53:52.587] DEBUG [GPIO-MOCK] motor pin 24 -> 0
[2025-09-28 16:53:52.683] DEBUG [GPIO-MOCK] motor pin 25 -> 0
[2025-09-28 16:53:52.687] DEBUG [GPIO-MOCK] motor pin 24 -> 0
[2025-09-28 16:53:52.783] DEBUG [GPIO-MOCK] motor pin 25 -> 0
[2025-09-28 16:53:52.787] DEBUG [GPIO-MOCK] motor pin 24 -> 0
[2025-09-28 16:53:52.883] DEBUG [GPIO-MOCK] motor pin 25 -> 0
[2025-09-28 16:53:52.887] DEBUG [GPIO-MOCK] motor pin 24 -> 0
[2025-09-28 16:53:52.983] DEBUG [GPIO-MOCK] motor pin 25 -> 0
[2025-09-28 16:53:52.987] DEBUG [GPIO-MOCK] motor pin 24 -> 0
[2025-09-28 16:53:53.083] DEBUG [GPIO-MOCK] motor pin 25 -> 0
[2025-09-28 16:53:53.088] DEBUG [GPIO-MOCK] motor pin 24 -> 0
[2025-09-28 16:53:53.183] DEBUG [GPIO-MOCK] motor pin 25 -> 0
[2025-09-28 16:53:53.188] DEBUG [GPIO-MOCK] motor pin 24 -> 0
[2025-09-28 16:53:53.284] DEBUG [GPIO-MOCK] motor pin 25 -> 0
[2025-09-28 16:53:53.288] DEBUG [GPIO-MOCK] motor pin 24 -> 0
[2025-09-28 16:53:53.384] DEBUG [GPIO-MOCK] motor pin 25 -> 0
[2025-09-28 16:53:53.388] DEBUG [GPIO-MOCK] motor pin 24 -> 0
[2025-09-28 16:53:53.484] DEBUG [GPIO-MOCK] motor pin 25 -> 0
[2025-09-28 16:53:53.488] DEBUG [GPIO-MOCK] motor pin 24 -> 0
[2025-09-28 16:53:53.584] DEBUG [GPIO-MOCK] motor pin 25 -> 0
[2025-09-28 16:53:53.589] DEBUG [GPIO-MOCK] motor pin 24 -> 0
[2025-09-28 16:53:53.684] DEBUG [GPIO-MOCK] motor pin 25 -> 0
[2025-09-28 16:53:53.689] DEBUG [GPIO-MOCK] motor pin 24 -> 0
[2025-09-28 16:53:53.784] DEBUG [GPIO-MOCK] motor pin 25 -> 0
[2025-09-28 16:53:53.789] DEBUG [GPIO-MOCK] motor pin 24 -> 0
[2025-09-28 16:53:53.885] DEBUG [GPIO-MOCK] motor pin 25 -> 0
[2025-09-28 16:53:53.889] DEBUG [GPIO-MOCK] motor pin 24 -> 0
[2025-09-28 16:53:53.985] DEBUG [GPIO-MOCK] motor pin 25 -> 0
[2025-09-28 16:53:53.989] DEBUG [GPIO-MOCK] motor pin 24 -> 0
[2025-09-28 16:53:54.085] DEBUG [GPIO-MOCK] motor pin 25 -> 0
[2025-09-28 16:53:54.090] DEBUG [GPIO-MOCK] motor pin 24 -> 0
[2025-09-28 16:53:54.185] DEBUG [GPIO-MOCK] motor pin 25 -> 0
[2025-09-28 16:53:54.190] DEBUG [GPIO-MOCK] motor pin 24 -> 0
[2025-09-28 16:53:54.285] DEBUG [GPIO-MOCK] motor pin 25 -> 0
[2025-09-28 16:53:54.290] DEBUG [GPIO-MOCK] motor pin 24 -> 0
[2025-09-28 16:53:54.385] DEBUG [GPIO-MOCK] motor pin 25 -> 0
[2025-09-28 16:53:54.390] DEBUG [GPIO-MOCK] motor pin 24 -> 0
[2025-09-28 16:53:54.486] DEBUG [GPIO-MOCK] motor pin 25 -> 0
[2025-09-28 16:53:54.491] DEBUG [GPIO-MOCK] motor pin 24 -> 0
[2025-09-28 16:53:54.586] DEBUG [GPIO-MOCK] motor pin 25 -> 0
[2025-09-28 16:53:54.591] DEBUG [GPIO-MOCK] motor pin 24 -> 0
[2025-09-28 16:53:54.686] DEBUG [GPIO-MOCK] motor pin 25 -> 0
[2025-09-28 16:53:54.691] DEBUG [GPIO-MOCK] motor pin 24 -> 0
[2025-09-28 16:53:54.786] DEBUG [GPIO-MOCK] motor pin 25 -> 0
[2025-09-28 16:53:54.791] DEBUG [GPIO-MOCK] motor pin 24 -> 0
[2025-09-28 16:53:54.886] DEBUG [GPIO-MOCK] motor pin 25 -> 0
[2025-09-28 16:53:54.891] DEBUG [GPIO-MOCK] motor pin 24 -> 0
[2025-09-28 16:53:54.986] DEBUG [GPIO-MOCK] motor pin 25 -> 0
[2025-09-28 16:53:54.992] DEBUG [GPIO-MOCK] motor pin 24 -> 0
[2025-09-28 16:53:55.087] DEBUG [GPIO-MOCK] motor pin 25 -> 0
[2025-09-28 16:53:55.092] DEBUG [GPIO-MOCK] motor pin 24 -> 0
[2025-09-28 16:53:55.187] DEBUG [GPIO-MOCK] motor pin 25 -> 0
[2025-09-28 16:53:55.192] DEBUG [GPIO-MOCK] motor pin 24 -> 0
[2025-09-28 16:53:55.287] DEBUG [GPIO-MOCK] motor pin 25 -> 0
[2025-09-28 16:53:55.292] DEBUG [GPIO-MOCK] motor pin 24 -> 0
[2025-09-28 16:53:55.387] DEBUG [GPIO-MOCK] motor pin 25 -> 0
[2025-09-28 16:53:55.393] DEBUG [GPIO-MOCK] motor pin 24 -> 0
[2025-09-28 16:53:55.487] DEBUG [GPIO-MOCK] motor pin 25 -> 0
[2025-09-28 16:53:55.493] DEBUG [GPIO-MOCK] motor pin 24 -> 0
[2025-09-28 16:53:55.588] DEBUG [GPIO-MOCK] motor pin 25 -> 0
[2025-09-28 16:53:55.593] DEBUG [GPIO-MOCK] motor pin 24 -> 0
[2025-09-28 16:53:55.688] DEBUG [GPIO-MOCK] motor pin 25 -> 0
[2025-09-28 16:53:55.693] DEBUG [GPIO-MOCK] motor pin 24 -> 0
[2025-09-28 16:53:55.788] DEBUG [GPIO-MOCK] motor pin 25 -> 0
[2025-09-28 16:53:55.793] DEBUG [GPIO-MOCK] motor pin 24 -> 0
[2025-09-28 16:53:55.888] DEBUG [GPIO-MOCK] motor pin 25 -> 0
[2025-09-28 16:53:55.894] DEBUG [GPIO-MOCK] motor pin 24 -> 0
[2025-09-28 16:53:55.989] DEBUG [GPIO-MOCK] motor pin 25 -> 0
[2025-09-28 16:53:55.994] DEBUG [GPIO-MOCK] motor pin 24 -> 0
[2025-09-28 16:53:56.089] DEBUG [GPIO-MOCK] motor pin 25 -> 0
[2025-09-28 16:53:56.094] DEBUG [GPIO-MOCK] motor pin 24 -> 0
[2025-09-28 16:53:56.189] DEBUG [GPIO-MOCK] motor pin 25 -> 0
[2025-09-28 16:53:56.195] DEBUG [GPIO-MOCK] motor pin 24 -> 0
[2025-09-28 16:53:56.290] DEBUG [GPIO-MOCK] motor pin 25 -> 0
[2025-09-28 16:53:56.295] DEBUG [GPIO-MOCK] motor pin 24 -> 0
[2025-09-28 16:53:56.390] DEBUG [GPIO-MOCK] motor pin 25 -> 0
[2025-09-28 16:53:56.395] DEBUG [GPIO-MOCK] motor pin 24 -> 0
[2025-09-28 16:53:56.490] DEBUG [GPIO-MOCK] motor pin 25 -> 0
[2025-09-28 16:53:56.495] DEBUG [GPIO-MOCK] motor pin 24 -> 0
[2025-09-28 16:53:56.590] DEBUG [GPIO-MOCK] motor pin 25 -> 0
[2025-09-28 16:53:56.596] DEBUG [GPIO-MOCK] motor pin 24 -> 0
[2025-09-28 16:53:56.690] DEBUG [GPIO-MOCK] motor pin 25 -> 0
[2025-09-28 16:53:56.696] DEBUG [GPIO-MOCK] motor pin 24 -> 0
[2025-09-28 16:53:56.790] DEBUG [GPIO-MOCK] motor pin 25 -> 0
[2025-09-28 16:53:56.796] DEBUG [GPIO-MOCK] motor pin 24 -> 0
[2025-09-28 16:53:56.891] DEBUG [GPIO-MOCK] motor pin 25 -> 0
[2025-09-28 16:53:56.896] DEBUG [GPIO-MOCK] motor pin 24 -> 0
[2025-09-28 16:53:56.991] DEBUG [GPIO-MOCK] motor pin 25 -> 0
[2025-09-28 16:53:56.996] DEBUG [GPIO-MOCK] motor pin 24 -> 0
[2025-09-28 16:53:57.091] DEBUG [GPIO-MOCK] motor pin 25 -> 0
[2025-09-28 16:53:57.097] DEBUG [GPIO-MOCK] motor pin 24 -> 0
[2025-09-28 16:53:57.191] DEBUG [GPIO-MOCK] motor pin 25 -> 0
[2025-09-28 16:53:57.197] DEBUG [GPIO-MOCK] motor pin 24 -> 0
[2025-09-28 16:53:57.291] DEBUG [GPIO-MOCK] motor pin 25 -> 0
[2025-09-28 16:53:57.297] DEBUG [GPIO-MOCK] motor pin 24 -> 0
[2025-09-28 16:53:57.392] DEBUG [GPIO-MOCK] motor pin 25 -> 0
[2025-09-28 16:53:57.397] DEBUG [GPIO-MOCK] motor pin 24 -> 0
[2025-09-28 16:53:57.492] DEBUG [GPIO-MOCK] motor pin 25 -> 0
[2025-09-28 16:53:57.497] DEBUG [GPIO-MOCK] motor pin 24 -> 0
[2025-09-28 16:53:57.592] DEBUG [GPIO-MOCK] motor pin 25 -> 0
[2025-09-28 16:53:57.597] DEBUG [GPIO-MOCK] motor pin 24 -> 0
[2025-09-28 16:53:57.692] DEBUG [GPIO-MOCK] motor pin 25 -> 0
[2025-09-28 16:53:57.697] DEBUG [GPIO-MOCK] motor pin 24 -> 0
[2025-09-28 16:53:57.792] DEBUG [GPIO-MOCK] motor pin 25 -> 0
[2025-09-28 16:53:57.798] DEBUG [GPIO-MOCK] motor pin 24 -> 0
[2025-09-28 16:53:57.893] DEBUG [GPIO-MOCK] motor pin 25 -> 0
[2025-09-28 16:53:57.898] DEBUG [GPIO-MOCK] motor pin 24 -> 0
[2025-09-28 16:53:57.993] DEBUG [GPIO-MOCK] motor pin 25 -> 0
[2025-09-28 16:53:57.998] DEBUG [GPIO-MOCK] motor pin 24 -> 0
[2025-09-28 16:53:58.093] DEBUG [GPIO-MOCK] motor pin 25 -> 0
[2025-09-28 16:53:58.098] DEBUG [GPIO-MOCK] motor pin 24 -> 0
[2025-09-28 16:53:58.193] DEBUG [GPIO-MOCK] motor pin 25 -> 0
[2025-09-28 16:53:58.198] DEBUG [GPIO-MOCK] motor pin 24 -> 0
[2025-09-28 16:53:58.293] DEBUG [GPIO-MOCK] motor pin 25 -> 0
[2025-09-28 16:53:58.299] DEBUG [GPIO-MOCK] motor pin 24 -> 0
[2025-09-28 16:53:58.393] DEBUG [GPIO-MOCK] motor pin 25 -> 0
[2025-09-28 16:53:58.399] DEBUG [GPIO-MOCK] motor pin 24 -> 0
[2025-09-28 16:53:58.494] DEBUG [GPIO-MOCK] motor pin 25 -> 0
[2025-09-28 16:53:58.499] DEBUG [GPIO-MOCK] motor pin 24 -> 0
[2025-09-28 16:53:58.594] DEBUG [GPIO-MOCK] motor pin 25 -> 0
[2025-09-28 16:53:58.599] DEBUG [GPIO-MOCK] motor pin 24 -> 0
[2025-09-28 16:53:58.694] DEBUG [GPIO-MOCK] motor pin 25 -> 0
[2025-09-28 16:53:58.699] DEBUG [GPIO-MOCK] motor pin 24 -> 0
[2025-09-28 16:53:58.794] DEBUG [GPIO-MOCK] motor pin 25 -> 0
[2025-09-28 16:53:58.800] DEBUG [GPIO-MOCK] motor pin 24 -> 0
[2025-09-28 16:53:58.894] DEBUG [GPIO-MOCK] motor pin 25 -> 0
[2025-09-28 16:53:58.900] DEBUG [GPIO-MOCK] motor pin 24 -> 0
[2025-09-28 16:53:58.995] DEBUG [GPIO-MOCK] motor pin 25 -> 0
[2025-09-28 16:53:59.000] DEBUG [GPIO-MOCK] motor pin 24 -> 0
[2025-09-28 16:53:59.095] DEBUG [GPIO-MOCK] motor pin 25 -> 0
[2025-09-28 16:53:59.100] DEBUG [GPIO-MOCK] motor pin 24 -> 0
[2025-09-28 16:53:59.195] DEBUG [GPIO-MOCK] motor pin 25 -> 0
[2025-09-28 16:53:59.200] DEBUG [GPIO-MOCK] motor pin 24 -> 0
[2025-09-28 16:53:59.295] DEBUG [GPIO-MOCK] motor pin 25 -> 0
[2025-09-28 16:53:59.300] DEBUG [GPIO-MOCK] motor pin 24 -> 0
[2025-09-28 16:53:59.395] DEBUG [GPIO-MOCK] motor pin 25 -> 0
[2025-09-28 16:53:59.400] DEBUG [GPIO-MOCK] motor pin 24 -> 0
[2025-09-28 16:53:59.496] DEBUG [GPIO-MOCK] motor pin 25 -> 0
[2025-09-28 16:53:59.501] DEBUG [GPIO-MOCK] motor pin 24 -> 0
[2025-09-28 16:53:59.596] DEBUG [GPIO-MOCK] motor pin 25 -> 0
[2025-09-28 16:53:59.601] DEBUG [GPIO-MOCK] motor pin 24 -> 0
[2025-09-28 16:53:59.696] DEBUG [GPIO-MOCK] motor pin 25 -> 0
[2025-09-28 16:53:59.701] DEBUG [GPIO-MOCK] motor pin 24 -> 0
[2025-09-28 16:53:59.796] DEBUG [GPIO-MOCK] motor pin 25 -> 0
[2025-09-28 16:53:59.802] DEBUG [GPIO-MOCK] motor pin 24 -> 0
[2025-09-28 16:53:59.897] DEBUG [GPIO-MOCK] motor pin 25 -> 0
[2025-09-28 16:53:59.902] DEBUG [GPIO-MOCK] motor pin 24 -> 0
[2025-09-28 16:53:59.997] DEBUG [GPIO-MOCK] motor pin 25 -> 0
[2025-09-28 16:54:00.002] DEBUG [GPIO-MOCK] motor pin 24 -> 0
[2025-09-28 16:54:00.097] DEBUG [GPIO-MOCK] motor pin 25 -> 0
[2025-09-28 16:54:00.102] DEBUG [GPIO-MOCK] motor pin 24 -> 0
[2025-09-28 16:54:00.197] DEBUG [GPIO-MOCK] motor pin 25 -> 0
[2025-09-28 16:54:00.202] DEBUG [GPIO-MOCK] motor pin 24 -> 0
[2025-09-28 16:54:00.297] DEBUG [GPIO-MOCK] motor pin 25 -> 0
[2025-09-28 16:54:00.303] DEBUG [GPIO-MOCK] motor pin 24 -> 0
[2025-09-28 16:54:00.398] DEBUG [GPIO-MOCK] motor pin 25 -> 0
[2025-09-28 16:54:00.403] DEBUG [GPIO-MOCK] motor pin 24 -> 0
[2025-09-28 16:54:00.498] DEBUG [GPIO-MOCK] motor pin 25 -> 0
[2025-09-28 16:54:00.503] DEBUG [GPIO-MOCK] motor pin 24 -> 0
[2025-09-28 16:54:00.598] DEBUG [GPIO-MOCK] motor pin 25 -> 0
[2025-09-28 16:54:00.603] DEBUG [GPIO-MOCK] motor pin 24 -> 0
[2025-09-28 16:54:00.698] DEBUG [GPIO-MOCK] motor pin 25 -> 0
[2025-09-28 16:54:00.703] DEBUG [GPIO-MOCK] motor pin 24 -> 0
[2025-09-28 16:54:00.798] DEBUG [GPIO-MOCK] motor pin 25 -> 0
[2025-09-28 16:54:00.804] DEBUG [GPIO-MOCK] motor pin 24 -> 0
[2025-09-28 16:54:00.899] DEBUG [GPIO-MOCK] motor pin 25 -> 0
[2025-09-28 16:54:00.904] DEBUG [GPIO-MOCK] motor pin 24 -> 0
[2025-09-28 16:54:00.999] DEBUG [GPIO-MOCK] motor pin 25 -> 0
[2025-09-28 16:54:01.004] DEBUG [GPIO-MOCK] motor pin 24 -> 0
[2025-09-28 16:54:01.099] DEBUG [GPIO-MOCK] motor pin 25 -> 0
[2025-09-28 16:54:01.104] DEBUG [GPIO-MOCK] motor pin 24 -> 0
[2025-09-28 16:54:01.199] DEBUG [GPIO-MOCK] motor pin 25 -> 0
[2025-09-28 16:54:01.205] DEBUG [GPIO-MOCK] motor pin 24 -> 0
[2025-09-28 16:54:01.299] DEBUG [GPIO-MOCK] motor pin 25 -> 0
[2025-09-28 16:54:01.305] DEBUG [GPIO-MOCK] motor pin 24 -> 0
[2025-09-28 16:54:01.400] DEBUG [GPIO-MOCK] motor pin 25 -> 0
[2025-09-28 16:54:01.405] DEBUG [GPIO-MOCK] motor pin 24 -> 0
[2025-09-28 16:54:01.500] DEBUG [GPIO-MOCK] motor pin 25 -> 0
[2025-09-28 16:54:01.505] DEBUG [GPIO-MOCK] motor pin 24 -> 0
[2025-09-28 16:54:01.600] DEBUG [GPIO-MOCK] motor pin 25 -> 0
[2025-09-28 16:54:01.606] DEBUG [GPIO-MOCK] motor pin 24 -> 0
[2025-09-28 16:54:01.700] DEBUG [GPIO-MOCK] motor pin 25 -> 0
[2025-09-28 16:54:01.706] DEBUG [GPIO-MOCK] motor pin 24 -> 0
[2025-09-28 16:54:01.801] DEBUG [GPIO-MOCK] motor pin 25 -> 0
[2025-09-28 16:54:01.806] DEBUG [GPIO-MOCK] motor pin 24 -> 0
[2025-09-28 16:54:01.901] DEBUG [GPIO-MOCK] motor pin 25 -> 0
[2025-09-28 16:54:01.907] DEBUG [GPIO-MOCK] motor pin 24 -> 0
[2025-09-28 16:54:02.001] DEBUG [GPIO-MOCK] motor pin 25 -> 0
[2025-09-28 16:54:02.007] DEBUG [GPIO-MOCK] motor pin 24 -> 0
[2025-09-28 16:54:02.101] DEBUG [GPIO-MOCK] motor pin 25 -> 0
[2025-09-28 16:54:02.107] DEBUG [GPIO-MOCK] motor pin 24 -> 0
[2025-09-28 16:54:02.202] DEBUG [GPIO-MOCK] motor pin 25 -> 0
[2025-09-28 16:54:02.208] DEBUG [GPIO-MOCK] motor pin 24 -> 0
[2025-09-28 16:54:02.302] DEBUG [GPIO-MOCK] motor pin 25 -> 0
[2025-09-28 16:54:02.308] DEBUG [GPIO-MOCK] motor pin 24 -> 0
[2025-09-28 16:54:02.402] DEBUG [GPIO-MOCK] motor pin 25 -> 0
[2025-09-28 16:54:02.408] DEBUG [GPIO-MOCK] motor pin 24 -> 0
[2025-09-28 16:54:02.503] DEBUG [GPIO-MOCK] motor pin 25 -> 0
[2025-09-28 16:54:02.508] DEBUG [GPIO-MOCK] motor pin 24 -> 0
[2025-09-28 16:54:02.603] DEBUG [GPIO-MOCK] motor pin 25 -> 0
[2025-09-28 16:54:02.609] DEBUG [GPIO-MOCK] motor pin 24 -> 0
[2025-09-28 16:54:02.703] DEBUG [GPIO-MOCK] motor pin 25 -> 0
[2025-09-28 16:54:02.709] DEBUG [GPIO-MOCK] motor pin 24 -> 0
[2025-09-28 16:54:02.803] DEBUG [GPIO-MOCK] motor pin 25 -> 0
[2025-09-28 16:54:02.809] DEBUG [GPIO-MOCK] motor pin 24 -> 0
[2025-09-28 16:54:02.904] DEBUG [GPIO-MOCK] motor pin 25 -> 0
[2025-09-28 16:54:02.909] DEBUG [GPIO-MOCK] motor pin 24 -> 0
[2025-09-28 16:54:03.004] DEBUG [GPIO-MOCK] motor pin 25 -> 0
[2025-09-28 16:54:03.009] DEBUG [GPIO-MOCK] motor pin 24 -> 0
[2025-09-28 16:54:03.104] DEBUG [GPIO-MOCK] motor pin 25 -> 0
[2025-09-28 16:54:03.110] DEBUG [GPIO-MOCK] motor pin 24 -> 0
[2025-09-28 16:54:03.205] DEBUG [GPIO-MOCK] motor pin 25 -> 0
[2025-09-28 16:54:03.210] DEBUG [GPIO-MOCK] motor pin 24 -> 0
[2025-09-28 16:54:03.305] DEBUG [GPIO-MOCK] motor pin 25 -> 0
[2025-09-28 16:54:03.310] DEBUG [GPIO-MOCK] motor pin 24 -> 0
[2025-09-28 16:54:03.406] DEBUG [GPIO-MOCK] motor pin 25 -> 0
[2025-09-28 16:54:03.411] DEBUG [GPIO-MOCK] motor pin 24 -> 0
[2025-09-28 16:54:03.506] DEBUG [GPIO-MOCK] motor pin 25 -> 0
[2025-09-28 16:54:03.511] DEBUG [GPIO-MOCK] motor pin 24 -> 0
[2025-09-28 16:54:03.606] DEBUG [GPIO-MOCK] motor pin 25 -> 0
[2025-09-28 16:54:03.611] DEBUG [GPIO-MOCK] motor pin 24 -> 0
[2025-09-28 16:54:03.706] DEBUG [GPIO-MOCK] motor pin 25 -> 0
[2025-09-28 16:54:03.711] DEBUG [GPIO-MOCK] motor pin 24 -> 0
[2025-09-28 16:54:03.807] DEBUG [GPIO-MOCK] motor pin 25 -> 0
[2025-09-28 16:54:03.812] DEBUG [GPIO-MOCK] motor pin 24 -> 0
[2025-09-28 16:54:03.907] DEBUG [GPIO-MOCK] motor pin 25 -> 0
[2025-09-28 16:54:03.912] DEBUG [GPIO-MOCK] motor pin 24 -> 0
[2025-09-28 16:54:04.007] DEBUG [GPIO-MOCK] motor pin 25 -> 0
[2025-09-28 16:54:04.012] DEBUG [GPIO-MOCK] motor pin 24 -> 0
[2025-09-28 16:54:04.107] DEBUG [GPIO-MOCK] motor pin 25 -> 0
[2025-09-28 16:54:04.112] DEBUG [GPIO-MOCK] motor pin 24 -> 0
[2025-09-28 16:54:04.208] DEBUG [GPIO-MOCK] motor pin 25 -> 0
[2025-09-28 16:54:04.213] DEBUG [GPIO-MOCK] motor pin 24 -> 0
[2025-09-28 16:54:04.308] DEBUG [GPIO-MOCK] motor pin 25 -> 0
[2025-09-28 16:54:04.313] DEBUG [GPIO-MOCK] motor pin 24 -> 0
[2025-09-28 16:54:04.408] DEBUG [GPIO-MOCK] motor pin 25 -> 0
[2025-09-28 16:54:04.413] DEBUG [GPIO-MOCK] motor pin 24 -> 0
[2025-09-28 16:54:04.509] DEBUG [GPIO-MOCK] motor pin 25 -> 0
[2025-09-28 16:54:04.514] DEBUG [GPIO-MOCK] motor pin 24 -> 0
[2025-09-28 16:54:04.609] DEBUG [GPIO-MOCK] motor pin 25 -> 0
[2025-09-28 16:54:04.614] DEBUG [GPIO-MOCK] motor pin 24 -> 0
[2025-09-28 16:54:04.709] DEBUG [GPIO-MOCK] motor pin 25 -> 0
[2025-09-28 16:54:04.714] DEBUG [GPIO-MOCK] motor pin 24 -> 0
[2025-09-28 16:54:04.809] DEBUG [GPIO-MOCK] motor pin 25 -> 0
[2025-09-28 16:54:04.814] DEBUG [GPIO-MOCK] motor pin 24 -> 0
[2025-09-28 16:54:04.910] DEBUG [GPIO-MOCK] motor pin 25 -> 0
[2025-09-28 16:54:04.915] DEBUG [GPIO-MOCK] motor pin 24 -> 0
[2025-09-28 16:54:05.010] DEBUG [GPIO-MOCK] motor pin 25 -> 0
[2025-09-28 16:54:05.015] DEBUG [GPIO-MOCK] motor pin 24 -> 0
[2025-09-28 16:54:05.110] DEBUG [GPIO-MOCK] motor pin 25 -> 0
[2025-09-28 16:54:05.115] DEBUG [GPIO-MOCK] motor pin 24 -> 0
[2025-09-28 16:54:05.210] DEBUG [GPIO-MOCK] motor pin 25 -> 0
[2025-09-28 16:54:05.215] DEBUG [GPIO-MOCK] motor pin 24 -> 0
[2025-09-28 16:54:05.311] DEBUG [GPIO-MOCK] motor pin 25 -> 0
[2025-09-28 16:54:05.316] DEBUG [GPIO-MOCK] motor pin 24 -> 0
[2025-09-28 16:54:05.411] DEBUG [GPIO-MOCK] motor pin 25 -> 0
[2025-09-28 16:54:05.416] DEBUG [GPIO-MOCK] motor pin 24 -> 0
[2025-09-28 16:54:05.511] DEBUG [GPIO-MOCK] motor pin 25 -> 0
[2025-09-28 16:54:05.516] DEBUG [GPIO-MOCK] motor pin 24 -> 0
[2025-09-28 16:54:05.612] DEBUG [GPIO-MOCK] motor pin 25 -> 0
[2025-09-28 16:54:05.616] DEBUG [GPIO-MOCK] motor pin 24 -> 0
[2025-09-28 16:54:05.712] DEBUG [GPIO-MOCK] motor pin 25 -> 0
[2025-09-28 16:54:05.716] DEBUG [GPIO-MOCK] motor pin 24 -> 0
[2025-09-28 16:54:05.812] DEBUG [GPIO-MOCK] motor pin 25 -> 0
[2025-09-28 16:54:05.817] DEBUG [GPIO-MOCK] motor pin 24 -> 0
[2025-09-28 16:54:05.913] DEBUG [GPIO-MOCK] motor pin 25 -> 0
[2025-09-28 16:54:05.917] DEBUG [GPIO-MOCK] motor pin 24 -> 0
[2025-09-28 16:54:06.013] DEBUG [GPIO-MOCK] motor pin 25 -> 0
[2025-09-28 16:54:06.017] DEBUG [GPIO-MOCK] motor pin 24 -> 0
[2025-09-28 16:54:06.113] DEBUG [GPIO-MOCK] motor pin 25 -> 0
[2025-09-28 16:54:06.118] DEBUG [GPIO-MOCK] motor pin 24 -> 0
[2025-09-28 16:54:06.213] DEBUG [GPIO-MOCK] motor pin 25 -> 0
[2025-09-28 16:54:06.218] DEBUG [GPIO-MOCK] motor pin 24 -> 0
[2025-09-28 16:54:06.314] DEBUG [GPIO-MOCK] motor pin 25 -> 0
[2025-09-28 16:54:06.318] DEBUG [GPIO-MOCK] motor pin 24 -> 0
[2025-09-28 16:54:06.414] DEBUG [GPIO-MOCK] motor pin 25 -> 0
[2025-09-28 16:54:06.418] DEBUG [GPIO-MOCK] motor pin 24 -> 0
[2025-09-28 16:54:06.514] DEBUG [GPIO-MOCK] motor pin 25 -> 0
[2025-09-28 16:54:06.519] DEBUG [GPIO-MOCK] motor pin 24 -> 0
[2025-09-28 16:54:06.615] DEBUG [GPIO-MOCK] motor pin 25 -> 0
[2025-09-28 16:54:06.619] DEBUG [GPIO-MOCK] motor pin 24 -> 0
[2025-09-28 16:54:06.715] DEBUG [GPIO-MOCK] motor pin 25 -> 0
[2025-09-28 16:54:06.719] DEBUG [GPIO-MOCK] motor pin 24 -> 0
[2025-09-28 16:54:06.815] DEBUG [GPIO-MOCK] motor pin 25 -> 0
[2025-09-28 16:54:06.819] DEBUG [GPIO-MOCK] motor pin 24 -> 0
[2025-09-28 16:54:06.915] DEBUG [GPIO-MOCK] motor pin 25 -> 0
[2025-09-28 16:54:06.919] DEBUG [GPIO-MOCK] motor pin 24 -> 0
[2025-09-28 16:54:07.016] DEBUG [GPIO-MOCK] motor pin 25 -> 0
[2025-09-28 16:54:07.020] DEBUG [GPIO-MOCK] motor pin 24 -> 0
[2025-09-28 16:54:07.116] DEBUG [GPIO-MOCK] motor pin 25 -> 0
[2025-09-28 16:54:07.120] DEBUG [GPIO-MOCK] motor pin 24 -> 0
[2025-09-28 16:54:07.216] DEBUG [GPIO-MOCK] motor pin 25 -> 0
[2025-09-28 16:54:07.220] DEBUG [GPIO-MOCK] motor pin 24 -> 0
[2025-09-28 16:54:07.317] DEBUG [GPIO-MOCK] motor pin 25 -> 0
[2025-09-28 16:54:07.320] DEBUG [GPIO-MOCK] motor pin 24 -> 0
[2025-09-28 16:54:07.417] DEBUG [GPIO-MOCK] motor pin 25 -> 0
[2025-09-28 16:54:07.421] DEBUG [GPIO-MOCK] motor pin 24 -> 0
[2025-09-28 16:54:07.517] DEBUG [GPIO-MOCK] motor pin 25 -> 0
[2025-09-28 16:54:07.521] DEBUG [GPIO-MOCK] motor pin 24 -> 0
[2025-09-28 16:54:07.618] DEBUG [GPIO-MOCK] motor pin 25 -> 0
[2025-09-28 16:54:07.621] DEBUG [GPIO-MOCK] motor pin 24 -> 0
[2025-09-28 16:54:07.718] DEBUG [GPIO-MOCK] motor pin 25 -> 0
[2025-09-28 16:54:07.722] DEBUG [GPIO-MOCK] motor pin 24 -> 0
[2025-09-28 16:54:07.818] DEBUG [GPIO-MOCK] motor pin 25 -> 0
[2025-09-28 16:54:07.822] DEBUG [GPIO-MOCK] motor pin 24 -> 0
[2025-09-28 16:54:07.919] DEBUG [GPIO-MOCK] motor pin 25 -> 0
[2025-09-28 16:54:07.922] DEBUG [GPIO-MOCK] motor pin 24 -> 0
[2025-09-28 16:54:08.019] DEBUG [GPIO-MOCK] motor pin 25 -> 0
[2025-09-28 16:54:08.022] DEBUG [GPIO-MOCK] motor pin 24 -> 0
[2025-09-28 16:54:08.120] DEBUG [GPIO-MOCK] motor pin 25 -> 0
[2025-09-28 16:54:08.122] DEBUG [GPIO-MOCK] motor pin 24 -> 0
[2025-09-28 16:54:08.220] DEBUG [GPIO-MOCK] motor pin 25 -> 0
[2025-09-28 16:54:08.223] DEBUG [GPIO-MOCK] motor pin 24 -> 0
[2025-09-28 16:54:08.320] DEBUG [GPIO-MOCK] motor pin 25 -> 0
[2025-09-28 16:54:08.323] DEBUG [GPIO-MOCK] motor pin 24 -> 0
[2025-09-28 16:54:08.420] DEBUG [GPIO-MOCK] motor pin 25 -> 0
[2025-09-28 16:54:08.423] DEBUG [GPIO-MOCK] motor pin 24 -> 0
[2025-09-28 16:54:08.521] DEBUG [GPIO-MOCK] motor pin 25 -> 0
[2025-09-28 16:54:08.523] DEBUG [GPIO-MOCK] motor pin 24 -> 0
[2025-09-28 16:54:08.621] DEBUG [GPIO-MOCK] motor pin 25 -> 0
[2025-09-28 16:54:08.624] DEBUG [GPIO-MOCK] motor pin 24 -> 0
[2025-09-28 16:54:08.721] DEBUG [GPIO-MOCK] motor pin 25 -> 0
[2025-09-28 16:54:08.724] DEBUG [GPIO-MOCK] motor pin 24 -> 0
[2025-09-28 16:54:08.821] DEBUG [GPIO-MOCK] motor pin 25 -> 0
[2025-09-28 16:54:08.829] DEBUG [GPIO-MOCK] motor pin 24 -> 0
[2025-09-28 16:54:08.922] DEBUG [GPIO-MOCK] motor pin 25 -> 0
[2025-09-28 16:54:08.929] DEBUG [GPIO-MOCK] motor pin 24 -> 0
[2025-09-28 16:54:09.022] DEBUG [GPIO-MOCK] motor pin 25 -> 0
[2025-09-28 16:54:09.029] DEBUG [GPIO-MOCK] motor pin 24 -> 0
[2025-09-28 16:54:09.122] DEBUG [GPIO-MOCK] motor pin 25 -> 0
[2025-09-28 16:54:09.129] DEBUG [GPIO-MOCK] motor pin 24 -> 0
[2025-09-28 16:54:09.222] DEBUG [GPIO-MOCK] motor pin 25 -> 0
[2025-09-28 16:54:09.230] DEBUG [GPIO-MOCK] motor pin 24 -> 0
[2025-09-28 16:54:09.323] DEBUG [GPIO-MOCK] motor pin 25 -> 0
[2025-09-28 16:54:09.330] DEBUG [GPIO-MOCK] motor pin 24 -> 0
[2025-09-28 16:54:09.423] DEBUG [GPIO-MOCK] motor pin 25 -> 0
[2025-09-28 16:54:09.430] DEBUG [GPIO-MOCK] motor pin 24 -> 0
[2025-09-28 16:54:09.523] DEBUG [GPIO-MOCK] motor pin 25 -> 0
[2025-09-28 16:54:09.530] DEBUG [GPIO-MOCK] motor pin 24 -> 0
[2025-09-28 16:54:09.623] DEBUG [GPIO-MOCK] motor pin 25 -> 0
[2025-09-28 16:54:09.630] DEBUG [GPIO-MOCK] motor pin 24 -> 0
[2025-09-28 16:54:09.723] DEBUG [GPIO-MOCK] motor pin 25 -> 0
[2025-09-28 16:54:09.730] DEBUG [GPIO-MOCK] motor pin 24 -> 0
[2025-09-28 16:54:09.823] DEBUG [GPIO-MOCK] motor pin 25 -> 0
[2025-09-28 16:54:09.831] DEBUG [GPIO-MOCK] motor pin 24 -> 0
[2025-09-28 16:54:09.924] DEBUG [GPIO-MOCK] motor pin 25 -> 0
[2025-09-28 16:54:09.931] DEBUG [GPIO-MOCK] motor pin 24 -> 0
[2025-09-28 16:54:10.024] DEBUG [GPIO-MOCK] motor pin 25 -> 0
[2025-09-28 16:54:10.031] DEBUG [GPIO-MOCK] motor pin 24 -> 0
[2025-09-28 16:54:10.124] DEBUG [GPIO-MOCK] motor pin 25 -> 0
[2025-09-28 16:54:10.131] DEBUG [GPIO-MOCK] motor pin 24 -> 0
[2025-09-28 16:54:10.224] DEBUG [GPIO-MOCK] motor pin 25 -> 0
[2025-09-28 16:54:10.232] DEBUG [GPIO-MOCK] motor pin 24 -> 0
[2025-09-28 16:54:10.324] DEBUG [GPIO-MOCK] motor pin 25 -> 0
[2025-09-28 16:54:10.332] DEBUG [GPIO-MOCK] motor pin 24 -> 0
[2025-09-28 16:54:10.425] DEBUG [GPIO-MOCK] motor pin 25 -> 0
[2025-09-28 16:54:10.432] DEBUG [GPIO-MOCK] motor pin 24 -> 0
[2025-09-28 16:54:10.525] DEBUG [GPIO-MOCK] motor pin 25 -> 0
[2025-09-28 16:54:10.532] DEBUG [GPIO-MOCK] motor pin 24 -> 0
[2025-09-28 16:54:10.625] DEBUG [GPIO-MOCK] motor pin 25 -> 0
[2025-09-28 16:54:10.632] DEBUG [GPIO-MOCK] motor pin 24 -> 0
[2025-09-28 16:54:10.725] DEBUG [GPIO-MOCK] motor pin 25 -> 0
[2025-09-28 16:54:10.733] DEBUG [GPIO-MOCK] motor pin 24 -> 0
[2025-09-28 16:54:10.825] DEBUG [GPIO-MOCK] motor pin 25 -> 0
[2025-09-28 16:54:10.833] DEBUG [GPIO-MOCK] motor pin 24 -> 0
[2025-09-28 16:54:10.925] DEBUG [GPIO-MOCK] motor pin 25 -> 0
[2025-09-28 16:54:10.933] DEBUG [GPIO-MOCK] motor pin 24 -> 0
[2025-09-28 16:54:11.026] DEBUG [GPIO-MOCK] motor pin 25 -> 0
[2025-09-28 16:54:11.033] DEBUG [GPIO-MOCK] motor pin 24 -> 0
[2025-09-28 16:54:11.126] DEBUG [GPIO-MOCK] motor pin 25 -> 0
[2025-09-28 16:54:11.133] DEBUG [GPIO-MOCK] motor pin 24 -> 0
[2025-09-28 16:54:11.226] DEBUG [GPIO-MOCK] motor pin 25 -> 0
[2025-09-28 16:54:11.234] DEBUG [GPIO-MOCK] motor pin 24 -> 0
[2025-09-28 16:54:11.326] DEBUG [GPIO-MOCK] motor pin 25 -> 0
[2025-09-28 16:54:11.334] DEBUG [GPIO-MOCK] motor pin 24 -> 0
[2025-09-28 16:54:11.426] DEBUG [GPIO-MOCK] motor pin 25 -> 0
[2025-09-28 16:54:11.434] DEBUG [GPIO-MOCK] motor pin 24 -> 0
[2025-09-28 16:54:11.526] DEBUG [GPIO-MOCK] motor pin 25 -> 0
[2025-09-28 16:54:11.534] DEBUG [GPIO-MOCK] motor pin 24 -> 0
[2025-09-28 16:54:11.627] DEBUG [GPIO-MOCK] motor pin 25 -> 0
[2025-09-28 16:54:11.634] DEBUG [GPIO-MOCK] motor pin 24 -> 0
[2025-09-28 16:54:11.727] DEBUG [GPIO-MOCK] motor pin 25 -> 0
[2025-09-28 16:54:11.734] DEBUG [GPIO-MOCK] motor pin 24 -> 0
[2025-09-28 16:54:11.827] DEBUG [GPIO-MOCK] motor pin 25 -> 0
[2025-09-28 16:54:11.835] DEBUG [GPIO-MOCK] motor pin 24 -> 0
[2025-09-28 16:54:11.927] DEBUG [GPIO-MOCK] motor pin 25 -> 0
[2025-09-28 16:54:11.935] DEBUG [GPIO-MOCK] motor pin 24 -> 0
[2025-09-28 16:54:12.027] DEBUG [GPIO-MOCK] motor pin 25 -> 0
[2025-09-28 16:54:12.035] DEBUG [GPIO-MOCK] motor pin 24 -> 0
[2025-09-28 16:54:12.128] DEBUG [GPIO-MOCK] motor pin 25 -> 0
[2025-09-28 16:54:12.135] DEBUG [GPIO-MOCK] motor pin 24 -> 0
[2025-09-28 16:54:12.228] DEBUG [GPIO-MOCK] motor pin 25 -> 0
[2025-09-28 16:54:12.235] DEBUG [GPIO-MOCK] motor pin 24 -> 0
[2025-09-28 16:54:12.328] DEBUG [GPIO-MOCK] motor pin 25 -> 0
[2025-09-28 16:54:12.336] DEBUG [GPIO-MOCK] motor pin 24 -> 0
[2025-09-28 16:54:12.428] DEBUG [GPIO-MOCK] motor pin 25 -> 0
[2025-09-28 16:54:12.436] DEBUG [GPIO-MOCK] motor pin 24 -> 0
[2025-09-28 16:54:12.528] DEBUG [GPIO-MOCK] motor pin 25 -> 0
[2025-09-28 16:54:12.536] DEBUG [GPIO-MOCK] motor pin 24 -> 0
[2025-09-28 16:54:12.629] DEBUG [GPIO-MOCK] motor pin 25 -> 0
[2025-09-28 16:54:12.636] DEBUG [GPIO-MOCK] motor pin 24 -> 0
[2025-09-28 16:54:12.729] DEBUG [GPIO-MOCK] motor pin 25 -> 0
[2025-09-28 16:54:12.736] DEBUG [GPIO-MOCK] motor pin 24 -> 0
[2025-09-28 16:54:12.829] DEBUG [GPIO-MOCK] motor pin 25 -> 0
[2025-09-28 16:54:12.836] DEBUG [GPIO-MOCK] motor pin 24 -> 0
[2025-09-28 16:54:12.929] DEBUG [GPIO-MOCK] motor pin 25 -> 0
[2025-09-28 16:54:12.937] DEBUG [GPIO-MOCK] motor pin 24 -> 0
[2025-09-28 16:54:13.029] DEBUG [GPIO-MOCK] motor pin 25 -> 0
[2025-09-28 16:54:13.037] DEBUG [GPIO-MOCK] motor pin 24 -> 0
[2025-09-28 16:54:13.129] DEBUG [GPIO-MOCK] motor pin 25 -> 0
[2025-09-28 16:54:13.137] DEBUG [GPIO-MOCK] motor pin 24 -> 0
[2025-09-28 16:54:13.230] DEBUG [GPIO-MOCK] motor pin 25 -> 0
[2025-09-28 16:54:13.237] DEBUG [GPIO-MOCK] motor pin 24 -> 0
[2025-09-28 16:54:13.330] DEBUG [GPIO-MOCK] motor pin 25 -> 0
[2025-09-28 16:54:13.337] DEBUG [GPIO-MOCK] motor pin 24 -> 0
[2025-09-28 16:54:13.430] DEBUG [GPIO-MOCK] motor pin 25 -> 0
[2025-09-28 16:54:13.437] DEBUG [GPIO-MOCK] motor pin 24 -> 0
[2025-09-28 16:54:13.530] DEBUG [GPIO-MOCK] motor pin 25 -> 0
[2025-09-28 16:54:13.538] DEBUG [GPIO-MOCK] motor pin 24 -> 0
[2025-09-28 16:54:13.631] DEBUG [GPIO-MOCK] motor pin 25 -> 0
[2025-09-28 16:54:13.638] DEBUG [GPIO-MOCK] motor pin 24 -> 0
[2025-09-28 16:54:13.731] DEBUG [GPIO-MOCK] motor pin 25 -> 0
[2025-09-28 16:54:13.738] DEBUG [GPIO-MOCK] motor pin 24 -> 0
[2025-09-28 16:54:13.831] DEBUG [GPIO-MOCK] motor pin 25 -> 0
[2025-09-28 16:54:13.838] DEBUG [GPIO-MOCK] motor pin 24 -> 0
[2025-09-28 16:54:13.931] DEBUG [GPIO-MOCK] motor pin 25 -> 0
[2025-09-28 16:54:13.938] DEBUG [GPIO-MOCK] motor pin 24 -> 0
[2025-09-28 16:54:14.032] DEBUG [GPIO-MOCK] motor pin 25 -> 0
[2025-09-28 16:54:14.039] DEBUG [GPIO-MOCK] motor pin 24 -> 0
[2025-09-28 16:54:14.132] DEBUG [GPIO-MOCK] motor pin 25 -> 0
[2025-09-28 16:54:14.139] DEBUG [GPIO-MOCK] motor pin 24 -> 0
[2025-09-28 16:54:14.233] DEBUG [GPIO-MOCK] motor pin 25 -> 0
[2025-09-28 16:54:14.239] DEBUG [GPIO-MOCK] motor pin 24 -> 0
[2025-09-28 16:54:14.333] DEBUG [GPIO-MOCK] motor pin 25 -> 0
[2025-09-28 16:54:14.339] DEBUG [GPIO-MOCK] motor pin 24 -> 0
[2025-09-28 16:54:14.433] DEBUG [GPIO-MOCK] motor pin 25 -> 0
[2025-09-28 16:54:14.439] DEBUG [GPIO-MOCK] motor pin 24 -> 0
[2025-09-28 16:54:14.533] DEBUG [GPIO-MOCK] motor pin 25 -> 0
[2025-09-28 16:54:14.540] DEBUG [GPIO-MOCK] motor pin 24 -> 0
[2025-09-28 16:54:14.634] DEBUG [GPIO-MOCK] motor pin 25 -> 0
[2025-09-28 16:54:14.640] DEBUG [GPIO-MOCK] motor pin 24 -> 0
[2025-09-28 16:54:14.734] DEBUG [GPIO-MOCK] motor pin 25 -> 0
[2025-09-28 16:54:14.740] DEBUG [GPIO-MOCK] motor pin 24 -> 0
[2025-09-28 16:54:14.834] DEBUG [GPIO-MOCK] motor pin 25 -> 0
[2025-09-28 16:54:14.840] DEBUG [GPIO-MOCK] motor pin 24 -> 0
[2025-09-28 16:54:14.934] DEBUG [GPIO-MOCK] motor pin 25 -> 0
[2025-09-28 16:54:14.941] DEBUG [GPIO-MOCK] motor pin 24 -> 0
[2025-09-28 16:54:15.034] DEBUG [GPIO-MOCK] motor pin 25 -> 0
[2025-09-28 16:54:15.041] DEBUG [GPIO-MOCK] motor pin 24 -> 0
[2025-09-28 16:54:15.135] DEBUG [GPIO-MOCK] motor pin 25 -> 0
[2025-09-28 16:54:15.141] DEBUG [GPIO-MOCK] motor pin 24 -> 0
[2025-09-28 16:54:15.235] DEBUG [GPIO-MOCK] motor pin 25 -> 0
[2025-09-28 16:54:15.241] DEBUG [GPIO-MOCK] motor pin 24 -> 0
[2025-09-28 16:54:15.335] DEBUG [GPIO-MOCK] motor pin 25 -> 0
[2025-09-28 16:54:15.342] DEBUG [GPIO-MOCK] motor pin 24 -> 0
[2025-09-28 16:54:15.436] DEBUG [GPIO-MOCK] motor pin 25 -> 0
[2025-09-28 16:54:15.442] DEBUG [GPIO-MOCK] motor pin 24 -> 0
[2025-09-28 16:54:15.536] DEBUG [GPIO-MOCK] motor pin 25 -> 0
[2025-09-28 16:54:15.542] DEBUG [GPIO-MOCK] motor pin 24 -> 0
[2025-09-28 16:54:15.636] DEBUG [GPIO-MOCK] motor pin 25 -> 0
[2025-09-28 16:54:15.642] DEBUG [GPIO-MOCK] motor pin 24 -> 0
[2025-09-28 16:54:15.736] DEBUG [GPIO-MOCK] motor pin 25 -> 0
[2025-09-28 16:54:15.743] DEBUG [GPIO-MOCK] motor pin 24 -> 0
[2025-09-28 16:54:15.837] DEBUG [GPIO-MOCK] motor pin 25 -> 0
[2025-09-28 16:54:15.843] DEBUG [GPIO-MOCK] motor pin 24 -> 0
[2025-09-28 16:54:15.937] DEBUG [GPIO-MOCK] motor pin 25 -> 0
[2025-09-28 16:54:15.943] DEBUG [GPIO-MOCK] motor pin 24 -> 0
[2025-09-28 16:54:16.037] DEBUG [GPIO-MOCK] motor pin 25 -> 0
[2025-09-28 16:54:16.043] DEBUG [GPIO-MOCK] motor pin 24 -> 0
[2025-09-28 16:54:16.137] DEBUG [GPIO-MOCK] motor pin 25 -> 0
[2025-09-28 16:54:16.143] DEBUG [GPIO-MOCK] motor pin 24 -> 0
[2025-09-28 16:54:16.237] DEBUG [GPIO-MOCK] motor pin 25 -> 0
[2025-09-28 16:54:16.244] DEBUG [GPIO-MOCK] motor pin 24 -> 0
[2025-09-28 16:54:16.338] DEBUG [GPIO-MOCK] motor pin 25 -> 0
[2025-09-28 16:54:16.344] DEBUG [GPIO-MOCK] motor pin 24 -> 0
[2025-09-28 16:54:16.438] DEBUG [GPIO-MOCK] motor pin 25 -> 0
[2025-09-28 16:54:16.444] DEBUG [GPIO-MOCK] motor pin 24 -> 0
[2025-09-28 16:54:16.538] DEBUG [GPIO-MOCK] motor pin 25 -> 0
[2025-09-28 16:54:16.544] DEBUG [GPIO-MOCK] motor pin 24 -> 0
[2025-09-28 16:54:16.639] DEBUG [GPIO-MOCK] motor pin 25 -> 0
[2025-09-28 16:54:16.645] DEBUG [GPIO-MOCK] motor pin 24 -> 0
[2025-09-28 16:54:16.739] DEBUG [GPIO-MOCK] motor pin 25 -> 0
[2025-09-28 16:54:16.745] DEBUG [GPIO-MOCK] motor pin 24 -> 0
[2025-09-28 16:54:16.839] DEBUG [GPIO-MOCK] motor pin 25 -> 0
[2025-09-28 16:54:16.845] DEBUG [GPIO-MOCK] motor pin 24 -> 0
[2025-09-28 16:54:16.939] DEBUG [GPIO-MOCK] motor pin 25 -> 0
[2025-09-28 16:54:16.945] DEBUG [GPIO-MOCK] motor pin 24 -> 0
[2025-09-28 16:54:17.040] DEBUG [GPIO-MOCK] motor pin 25 -> 0
[2025-09-28 16:54:17.045] DEBUG [GPIO-MOCK] motor pin 24 -> 0
[2025-09-28 16:54:17.140] DEBUG [GPIO-MOCK] motor pin 25 -> 0
[2025-09-28 16:54:17.146] DEBUG [GPIO-MOCK] motor pin 24 -> 0
[2025-09-28 16:54:17.240] DEBUG [GPIO-MOCK] motor pin 25 -> 0
[2025-09-28 16:54:17.246] DEBUG [GPIO-MOCK] motor pin 24 -> 0
[2025-09-28 16:54:17.340] DEBUG [GPIO-MOCK] motor pin 25 -> 0
[2025-09-28 16:54:17.346] DEBUG [GPIO-MOCK] motor pin 24 -> 0
[2025-09-28 16:54:17.441] DEBUG [GPIO-MOCK] motor pin 25 -> 0
[2025-09-28 16:54:17.447] DEBUG [GPIO-MOCK] motor pin 24 -> 0
[2025-09-28 16:54:17.541] DEBUG [GPIO-MOCK] motor pin 25 -> 0
[2025-09-28 16:54:17.547] DEBUG [GPIO-MOCK] motor pin 24 -> 0
[2025-09-28 16:54:17.641] DEBUG [GPIO-MOCK] motor pin 25 -> 0
[2025-09-28 16:54:17.647] DEBUG [GPIO-MOCK] motor pin 24 -> 0
[2025-09-28 16:54:17.741] DEBUG [GPIO-MOCK] motor pin 25 -> 0
[2025-09-28 16:54:17.747] DEBUG [GPIO-MOCK] motor pin 24 -> 0
[2025-09-28 16:54:17.841] DEBUG [GPIO-MOCK] motor pin 25 -> 0
[2025-09-28 16:54:17.848] DEBUG [GPIO-MOCK] motor pin 24 -> 0
[2025-09-28 16:54:17.942] DEBUG [GPIO-MOCK] motor pin 25 -> 0
[2025-09-28 16:54:17.948] DEBUG [GPIO-MOCK] motor pin 24 -> 0
[2025-09-28 16:54:18.042] DEBUG [GPIO-MOCK] motor pin 25 -> 0
[2025-09-28 16:54:18.048] DEBUG [GPIO-MOCK] motor pin 24 -> 0
[2025-09-28 16:54:18.142] DEBUG [GPIO-MOCK] motor pin 25 -> 0
[2025-09-28 16:54:18.148] DEBUG [GPIO-MOCK] motor pin 24 -> 0
[2025-09-28 16:54:18.242] DEBUG [GPIO-MOCK] motor pin 25 -> 0
[2025-09-28 16:54:18.248] DEBUG [GPIO-MOCK] motor pin 24 -> 0
[2025-09-28 16:54:18.343] DEBUG [GPIO-MOCK] motor pin 25 -> 0
[2025-09-28 16:54:18.349] DEBUG [GPIO-MOCK] motor pin 24 -> 0
[2025-09-28 16:54:18.443] DEBUG [GPIO-MOCK] motor pin 25 -> 0
[2025-09-28 16:54:18.449] DEBUG [GPIO-MOCK] motor pin 24 -> 0
[2025-09-28 16:54:18.543] DEBUG [GPIO-MOCK] motor pin 25 -> 0
[2025-09-28 16:54:18.549] DEBUG [GPIO-MOCK] motor pin 24 -> 0
[2025-09-28 16:54:18.643] DEBUG [GPIO-MOCK] motor pin 25 -> 0
[2025-09-28 16:54:18.649] DEBUG [GPIO-MOCK] motor pin 24 -> 0
[2025-09-28 16:54:18.743] DEBUG [GPIO-MOCK] motor pin 25 -> 0
[2025-09-28 16:54:18.750] DEBUG [GPIO-MOCK] motor pin 24 -> 0
[2025-09-28 16:54:18.843] DEBUG [GPIO-MOCK] motor pin 25 -> 0
[2025-09-28 16:54:18.850] DEBUG [GPIO-MOCK] motor pin 24 -> 0
[2025-09-28 16:54:18.944] DEBUG [GPIO-MOCK] motor pin 25 -> 0
[2025-09-28 16:54:18.950] DEBUG [GPIO-MOCK] motor pin 24 -> 0
[2025-09-28 16:54:19.044] DEBUG [GPIO-MOCK] motor pin 25 -> 0
[2025-09-28 16:54:19.050] DEBUG [GPIO-MOCK] motor pin 24 -> 0
[2025-09-28 16:54:19.145] DEBUG [GPIO-MOCK] motor pin 25 -> 0
[2025-09-28 16:54:19.151] DEBUG [GPIO-MOCK] motor pin 24 -> 0
[2025-09-28 16:54:19.245] DEBUG [GPIO-MOCK] motor pin 25 -> 0
[2025-09-28 16:54:19.251] DEBUG [GPIO-MOCK] motor pin 24 -> 0
[2025-09-28 16:54:19.345] DEBUG [GPIO-MOCK] motor pin 25 -> 0
[2025-09-28 16:54:19.351] DEBUG [GPIO-MOCK] motor pin 24 -> 0
[2025-09-28 16:54:19.445] DEBUG [GPIO-MOCK] motor pin 25 -> 0
[2025-09-28 16:54:19.451] DEBUG [GPIO-MOCK] motor pin 24 -> 0
[2025-09-28 16:54:19.546] DEBUG [GPIO-MOCK] motor pin 25 -> 0
[2025-09-28 16:54:19.551] DEBUG [GPIO-MOCK] motor pin 24 -> 0
[2025-09-28 16:54:19.646] DEBUG [GPIO-MOCK] motor pin 25 -> 0
[2025-09-28 16:54:19.652] DEBUG [GPIO-MOCK] motor pin 24 -> 0
[2025-09-28 16:54:19.747] DEBUG [GPIO-MOCK] motor pin 25 -> 0
[2025-09-28 16:54:19.752] DEBUG [GPIO-MOCK] motor pin 24 -> 0
[2025-09-28 16:54:19.847] DEBUG [GPIO-MOCK] motor pin 25 -> 0
[2025-09-28 16:54:19.852] DEBUG [GPIO-MOCK] motor pin 24 -> 0
[2025-09-28 16:54:19.947] DEBUG [GPIO-MOCK] motor pin 25 -> 0
[2025-09-28 16:54:19.953] DEBUG [GPIO-MOCK] motor pin 24 -> 0
[2025-09-28 16:54:20.048] DEBUG [GPIO-MOCK] motor pin 25 -> 0
[2025-09-28 16:54:20.053] DEBUG [GPIO-MOCK] motor pin 24 -> 0
[2025-09-28 16:54:20.148] DEBUG [GPIO-MOCK] motor pin 25 -> 0
[2025-09-28 16:54:20.153] DEBUG [GPIO-MOCK] motor pin 24 -> 0
[2025-09-28 16:54:20.248] DEBUG [GPIO-MOCK] motor pin 25 -> 0
[2025-09-28 16:54:20.254] DEBUG [GPIO-MOCK] motor pin 24 -> 0
[2025-09-28 16:54:20.348] DEBUG [GPIO-MOCK] motor pin 25 -> 0
[2025-09-28 16:54:20.354] DEBUG [GPIO-MOCK] motor pin 24 -> 0
[2025-09-28 16:54:20.449] DEBUG [GPIO-MOCK] motor pin 25 -> 0
[2025-09-28 16:54:20.454] DEBUG [GPIO-MOCK] motor pin 24 -> 0
[2025-09-28 16:54:20.549] DEBUG [GPIO-MOCK] motor pin 25 -> 0
[2025-09-28 16:54:20.555] DEBUG [GPIO-MOCK] motor pin 24 -> 0
[2025-09-28 16:54:20.649] DEBUG [GPIO-MOCK] motor pin 25 -> 0
[2025-09-28 16:54:20.655] DEBUG [GPIO-MOCK] motor pin 24 -> 0
[2025-09-28 16:54:20.749] DEBUG [GPIO-MOCK] motor pin 25 -> 0
[2025-09-28 16:54:20.755] DEBUG [GPIO-MOCK] motor pin 24 -> 0
[2025-09-28 16:54:20.850] DEBUG [GPIO-MOCK] motor pin 25 -> 0
[2025-09-28 16:54:20.856] DEBUG [GPIO-MOCK] motor pin 24 -> 0
[2025-09-28 16:54:20.950] DEBUG [GPIO-MOCK] motor pin 25 -> 0
[2025-09-28 16:54:20.956] DEBUG [GPIO-MOCK] motor pin 24 -> 0
[2025-09-28 16:54:21.050] DEBUG [GPIO-MOCK] motor pin 25 -> 0
[2025-09-28 16:54:21.056] DEBUG [GPIO-MOCK] motor pin 24 -> 0
[2025-09-28 16:54:21.150] DEBUG [GPIO-MOCK] motor pin 25 -> 0
[2025-09-28 16:54:21.156] DEBUG [GPIO-MOCK] motor pin 24 -> 0
[2025-09-28 16:54:21.251] DEBUG [GPIO-MOCK] motor pin 25 -> 0
[2025-09-28 16:54:21.257] DEBUG [GPIO-MOCK] motor pin 24 -> 0
[2025-09-28 16:54:21.351] DEBUG [GPIO-MOCK] motor pin 25 -> 0
[2025-09-28 16:54:21.357] DEBUG [GPIO-MOCK] motor pin 24 -> 0
[2025-09-28 16:54:21.451] DEBUG [GPIO-MOCK] motor pin 25 -> 0
[2025-09-28 16:54:21.457] DEBUG [GPIO-MOCK] motor pin 24 -> 0
[2025-09-28 16:54:21.552] DEBUG [GPIO-MOCK] motor pin 25 -> 0
[2025-09-28 16:54:21.557] DEBUG [GPIO-MOCK] motor pin 24 -> 0
[2025-09-28 16:54:21.652] DEBUG [GPIO-MOCK] motor pin 25 -> 0
[2025-09-28 16:54:21.658] DEBUG [GPIO-MOCK] motor pin 24 -> 0
[2025-09-28 16:54:21.752] DEBUG [GPIO-MOCK] motor pin 25 -> 0
[2025-09-28 16:54:21.758] DEBUG [GPIO-MOCK] motor pin 24 -> 0
[2025-09-28 16:54:21.852] DEBUG [GPIO-MOCK] motor pin 25 -> 0
[2025-09-28 16:54:21.858] DEBUG [GPIO-MOCK] motor pin 24 -> 0
[2025-09-28 16:54:21.953] DEBUG [GPIO-MOCK] motor pin 25 -> 0
[2025-09-28 16:54:21.959] DEBUG [GPIO-MOCK] motor pin 24 -> 0
[2025-09-28 16:54:22.053] DEBUG [GPIO-MOCK] motor pin 25 -> 0
[2025-09-28 16:54:22.059] DEBUG [GPIO-MOCK] motor pin 24 -> 0
[2025-09-28 16:54:22.154] DEBUG [GPIO-MOCK] motor pin 25 -> 0
[2025-09-28 16:54:22.159] DEBUG [GPIO-MOCK] motor pin 24 -> 0
[2025-09-28 16:54:22.254] DEBUG [GPIO-MOCK] motor pin 25 -> 0
[2025-09-28 16:54:22.259] DEBUG [GPIO-MOCK] motor pin 24 -> 0
[2025-09-28 16:54:22.354] DEBUG [GPIO-MOCK] motor pin 25 -> 0
[2025-09-28 16:54:22.360] DEBUG [GPIO-MOCK] motor pin 24 -> 0
[2025-09-28 16:54:22.454] DEBUG [GPIO-MOCK] motor pin 25 -> 0
[2025-09-28 16:54:22.460] DEBUG [GPIO-MOCK] motor pin 24 -> 0
[2025-09-28 16:54:22.555] DEBUG [GPIO-MOCK] motor pin 25 -> 0
[2025-09-28 16:54:22.560] DEBUG [GPIO-MOCK] motor pin 24 -> 0
[2025-09-28 16:54:22.655] DEBUG [GPIO-MOCK] motor pin 25 -> 0
[2025-09-28 16:54:22.660] DEBUG [GPIO-MOCK] motor pin 24 -> 0
[2025-09-28 16:54:22.755] DEBUG [GPIO-MOCK] motor pin 25 -> 0
[2025-09-28 16:54:22.761] DEBUG [GPIO-MOCK] motor pin 24 -> 0
[2025-09-28 16:54:22.856] DEBUG [GPIO-MOCK] motor pin 25 -> 0
[2025-09-28 16:54:22.861] DEBUG [GPIO-MOCK] motor pin 24 -> 0
[2025-09-28 16:54:22.956] DEBUG [GPIO-MOCK] motor pin 25 -> 0
[2025-09-28 16:54:22.961] DEBUG [GPIO-MOCK] motor pin 24 -> 0
[2025-09-28 16:54:23.056] DEBUG [GPIO-MOCK] motor pin 25 -> 0
[2025-09-28 16:54:23.061] DEBUG [GPIO-MOCK] motor pin 24 -> 0
[2025-09-28 16:54:23.157] DEBUG [GPIO-MOCK] motor pin 25 -> 0
[2025-09-28 16:54:23.162] DEBUG [GPIO-MOCK] motor pin 24 -> 0
[2025-09-28 16:54:23.257] DEBUG [GPIO-MOCK] motor pin 25 -> 0
[2025-09-28 16:54:23.262] DEBUG [GPIO-MOCK] motor pin 24 -> 0
[2025-09-28 16:54:23.357] DEBUG [GPIO-MOCK] motor pin 25 -> 0
[2025-09-28 16:54:23.362] DEBUG [GPIO-MOCK] motor pin 24 -> 0
[2025-09-28 16:54:23.457] DEBUG [GPIO-MOCK] motor pin 25 -> 0
[2025-09-28 16:54:23.462] DEBUG [GPIO-MOCK] motor pin 24 -> 0
[2025-09-28 16:54:23.558] DEBUG [GPIO-MOCK] motor pin 25 -> 0
[2025-09-28 16:54:23.562] DEBUG [GPIO-MOCK] motor pin 24 -> 0
[2025-09-28 16:54:23.658] DEBUG [GPIO-MOCK] motor pin 25 -> 0
[2025-09-28 16:54:23.663] DEBUG [GPIO-MOCK] motor pin 24 -> 0
[2025-09-28 16:54:23.758] DEBUG [GPIO-MOCK] motor pin 25 -> 0
[2025-09-28 16:54:23.763] DEBUG [GPIO-MOCK] motor pin 24 -> 0
[2025-09-28 16:54:23.859] DEBUG [GPIO-MOCK] motor pin 25 -> 0
[2025-09-28 16:54:23.863] DEBUG [GPIO-MOCK] motor pin 24 -> 0
[2025-09-28 16:54:23.959] DEBUG [GPIO-MOCK] motor pin 25 -> 0
[2025-09-28 16:54:23.964] DEBUG [GPIO-MOCK] motor pin 24 -> 0
[2025-09-28 16:54:24.059] DEBUG [GPIO-MOCK] motor pin 25 -> 0
[2025-09-28 16:54:24.064] DEBUG [GPIO-MOCK] motor pin 24 -> 0
[2025-09-28 16:54:24.160] DEBUG [GPIO-MOCK] motor pin 25 -> 0
[2025-09-28 16:54:24.165] DEBUG [GPIO-MOCK] motor pin 24 -> 0
[2025-09-28 16:54:24.260] DEBUG [GPIO-MOCK] motor pin 25 -> 0
[2025-09-28 16:54:24.265] DEBUG [GPIO-MOCK] motor pin 24 -> 0
[2025-09-28 16:54:24.360] DEBUG [GPIO-MOCK] motor pin 25 -> 0
[2025-09-28 16:54:24.366] DEBUG [GPIO-MOCK] motor pin 24 -> 0
[2025-09-28 16:54:24.460] DEBUG [GPIO-MOCK] motor pin 25 -> 0
[2025-09-28 16:54:24.466] DEBUG [GPIO-MOCK] motor pin 24 -> 0
[2025-09-28 16:54:24.561] DEBUG [GPIO-MOCK] motor pin 25 -> 0
[2025-09-28 16:54:24.566] DEBUG [GPIO-MOCK] motor pin 24 -> 0
[2025-09-28 16:54:24.661] DEBUG [GPIO-MOCK] motor pin 25 -> 0
[2025-09-28 16:54:24.666] DEBUG [GPIO-MOCK] motor pin 24 -> 0
[2025-09-28 16:54:24.761] DEBUG [GPIO-MOCK] motor pin 25 -> 0
[2025-09-28 16:54:24.767] DEBUG [GPIO-MOCK] motor pin 24 -> 0
[2025-09-28 16:54:24.861] DEBUG [GPIO-MOCK] motor pin 25 -> 0
[2025-09-28 16:54:24.867] DEBUG [GPIO-MOCK] motor pin 24 -> 0
[2025-09-28 16:54:24.962] DEBUG [GPIO-MOCK] motor pin 25 -> 0
[2025-09-28 16:54:24.968] DEBUG [GPIO-MOCK] motor pin 24 -> 0
[2025-09-28 16:54:25.062] DEBUG [GPIO-MOCK] motor pin 25 -> 0
[2025-09-28 16:54:25.068] DEBUG [GPIO-MOCK] motor pin 24 -> 0
[2025-09-28 16:54:25.162] DEBUG [GPIO-MOCK] motor pin 25 -> 0
[2025-09-28 16:54:25.168] DEBUG [GPIO-MOCK] motor pin 24 -> 0
[2025-09-28 16:54:25.263] DEBUG [GPIO-MOCK] motor pin 25 -> 0
[2025-09-28 16:54:25.269] DEBUG [GPIO-MOCK] motor pin 24 -> 0
[2025-09-28 16:54:25.363] DEBUG [GPIO-MOCK] motor pin 25 -> 0
[2025-09-28 16:54:25.369] DEBUG [GPIO-MOCK] motor pin 24 -> 0
[2025-09-28 16:54:25.463] DEBUG [GPIO-MOCK] motor pin 25 -> 0
[2025-09-28 16:54:25.469] DEBUG [GPIO-MOCK] motor pin 24 -> 0
[2025-09-28 16:54:25.563] DEBUG [GPIO-MOCK] motor pin 25 -> 0
[2025-09-28 16:54:25.569] DEBUG [GPIO-MOCK] motor pin 24 -> 0
[2025-09-28 16:54:25.664] DEBUG [GPIO-MOCK] motor pin 25 -> 0
[2025-09-28 16:54:25.670] DEBUG [GPIO-MOCK] motor pin 24 -> 0
[2025-09-28 16:54:25.764] DEBUG [GPIO-MOCK] motor pin 25 -> 0
[2025-09-28 16:54:25.770] DEBUG [GPIO-MOCK] motor pin 24 -> 0
[2025-09-28 16:54:25.865] DEBUG [GPIO-MOCK] motor pin 25 -> 0
[2025-09-28 16:54:25.870] DEBUG [GPIO-MOCK] motor pin 24 -> 0
[2025-09-28 16:54:25.965] DEBUG [GPIO-MOCK] motor pin 25 -> 0
[2025-09-28 16:54:25.971] DEBUG [GPIO-MOCK] motor pin 24 -> 0
[2025-09-28 16:54:26.066] DEBUG [GPIO-MOCK] motor pin 25 -> 0
[2025-09-28 16:54:26.071] DEBUG [GPIO-MOCK] motor pin 24 -> 0
[2025-09-28 16:54:26.166] DEBUG [GPIO-MOCK] motor pin 25 -> 0
[2025-09-28 16:54:26.171] DEBUG [GPIO-MOCK] motor pin 24 -> 0
[2025-09-28 16:54:26.266] DEBUG [GPIO-MOCK] motor pin 25 -> 0
[2025-09-28 16:54:26.272] DEBUG [GPIO-MOCK] motor pin 24 -> 0
[2025-09-28 16:54:26.367] DEBUG [GPIO-MOCK] motor pin 25 -> 0
[2025-09-28 16:54:26.372] DEBUG [GPIO-MOCK] motor pin 24 -> 0
[2025-09-28 16:54:26.467] DEBUG [GPIO-MOCK] motor pin 25 -> 0
[2025-09-28 16:54:26.472] DEBUG [GPIO-MOCK] motor pin 24 -> 0
[2025-09-28 16:54:26.568] DEBUG [GPIO-MOCK] motor pin 25 -> 0
[2025-09-28 16:54:26.573] DEBUG [GPIO-MOCK] motor pin 24 -> 0
[2025-09-28 16:54:26.668] DEBUG [GPIO-MOCK] motor pin 25 -> 0
[2025-09-28 16:54:26.673] DEBUG [GPIO-MOCK] motor pin 24 -> 0
[2025-09-28 16:54:26.768] DEBUG [GPIO-MOCK] motor pin 25 -> 0
[2025-09-28 16:54:26.773] DEBUG [GPIO-MOCK] motor pin 24 -> 0
[2025-09-28 16:54:26.868] DEBUG [GPIO-MOCK] motor pin 25 -> 0
[2025-09-28 16:54:26.874] DEBUG [GPIO-MOCK] motor pin 24 -> 0
[2025-09-28 16:54:26.969] DEBUG [GPIO-MOCK] motor pin 25 -> 0
[2025-09-28 16:54:26.974] DEBUG [GPIO-MOCK] motor pin 24 -> 0
[2025-09-28 16:54:27.069] DEBUG [GPIO-MOCK] motor pin 25 -> 0
[2025-09-28 16:54:27.074] DEBUG [GPIO-MOCK] motor pin 24 -> 0
[2025-09-28 16:54:27.169] DEBUG [GPIO-MOCK] motor pin 25 -> 0
[2025-09-28 16:54:27.174] DEBUG [GPIO-MOCK] motor pin 24 -> 0
[2025-09-28 16:54:27.269] DEBUG [GPIO-MOCK] motor pin 25 -> 0
[2025-09-28 16:54:27.275] DEBUG [GPIO-MOCK] motor pin 24 -> 0
[2025-09-28 16:54:27.370] DEBUG [GPIO-MOCK] motor pin 25 -> 0
[2025-09-28 16:54:27.375] DEBUG [GPIO-MOCK] motor pin 24 -> 0
[2025-09-28 16:54:27.470] DEBUG [GPIO-MOCK] motor pin 25 -> 0
[2025-09-28 16:54:27.475] DEBUG [GPIO-MOCK] motor pin 24 -> 0
[2025-09-28 16:54:27.570] DEBUG [GPIO-MOCK] motor pin 25 -> 0
[2025-09-28 16:54:27.575] DEBUG [GPIO-MOCK] motor pin 24 -> 0
[2025-09-28 16:54:27.670] DEBUG [GPIO-MOCK] motor pin 25 -> 0
[2025-09-28 16:54:27.676] DEBUG [GPIO-MOCK] motor pin 24 -> 0
[2025-09-28 16:54:27.770] DEBUG [GPIO-MOCK] motor pin 25 -> 0
[2025-09-28 16:54:27.776] DEBUG [GPIO-MOCK] motor pin 24 -> 0
[2025-09-28 16:54:27.871] DEBUG [GPIO-MOCK] motor pin 25 -> 0
[2025-09-28 16:54:27.876] DEBUG [GPIO-MOCK] motor pin 24 -> 0
[2025-09-28 16:54:27.971] DEBUG [GPIO-MOCK] motor pin 25 -> 0
[2025-09-28 16:54:27.976] DEBUG [GPIO-MOCK] motor pin 24 -> 0
[2025-09-28 16:54:28.071] DEBUG [GPIO-MOCK] motor pin 25 -> 0
[2025-09-28 16:54:28.077] DEBUG [GPIO-MOCK] motor pin 24 -> 0
[2025-09-28 16:54:28.172] DEBUG [GPIO-MOCK] motor pin 25 -> 0
[2025-09-28 16:54:28.177] DEBUG [GPIO-MOCK] motor pin 24 -> 0
[2025-09-28 16:54:28.272] DEBUG [GPIO-MOCK] motor pin 25 -> 0
[2025-09-28 16:54:28.277] DEBUG [GPIO-MOCK] motor pin 24 -> 0
[2025-09-28 16:54:28.373] DEBUG [GPIO-MOCK] motor pin 25 -> 0
[2025-09-28 16:54:28.378] DEBUG [GPIO-MOCK] motor pin 24 -> 0
[2025-09-28 16:54:28.473] DEBUG [GPIO-MOCK] motor pin 25 -> 0
[2025-09-28 16:54:28.478] DEBUG [GPIO-MOCK] motor pin 24 -> 0
[2025-09-28 16:54:28.573] DEBUG [GPIO-MOCK] motor pin 25 -> 0
[2025-09-28 16:54:28.578] DEBUG [GPIO-MOCK] motor pin 24 -> 0
[2025-09-28 16:54:28.673] DEBUG [GPIO-MOCK] motor pin 25 -> 0
[2025-09-28 16:54:28.678] DEBUG [GPIO-MOCK] motor pin 24 -> 0
[2025-09-28 16:54:28.774] DEBUG [GPIO-MOCK] motor pin 25 -> 0
[2025-09-28 16:54:28.778] DEBUG [GPIO-MOCK] motor pin 24 -> 0
[2025-09-28 16:54:28.874] DEBUG [GPIO-MOCK] motor pin 25 -> 0
[2025-09-28 16:54:28.879] DEBUG [GPIO-MOCK] motor pin 24 -> 0
[2025-09-28 16:54:28.975] DEBUG [GPIO-MOCK] motor pin 25 -> 0
[2025-09-28 16:54:28.979] DEBUG [GPIO-MOCK] motor pin 24 -> 0
[2025-09-28 16:54:29.075] DEBUG [GPIO-MOCK] motor pin 25 -> 0
[2025-09-28 16:54:29.080] DEBUG [GPIO-MOCK] motor pin 24 -> 0
[2025-09-28 16:54:29.175] DEBUG [GPIO-MOCK] motor pin 25 -> 0
[2025-09-28 16:54:29.180] DEBUG [GPIO-MOCK] motor pin 24 -> 0
[2025-09-28 16:54:29.275] DEBUG [GPIO-MOCK] motor pin 25 -> 0
[2025-09-28 16:54:29.281] DEBUG [GPIO-MOCK] motor pin 24 -> 0
[2025-09-28 16:54:29.376] DEBUG [GPIO-MOCK] motor pin 25 -> 0
[2025-09-28 16:54:29.381] DEBUG [GPIO-MOCK] motor pin 24 -> 0
[2025-09-28 16:54:29.476] DEBUG [GPIO-MOCK] motor pin 25 -> 0
[2025-09-28 16:54:29.481] DEBUG [GPIO-MOCK] motor pin 24 -> 0
[2025-09-28 16:54:29.577] DEBUG [GPIO-MOCK] motor pin 25 -> 0
[2025-09-28 16:54:29.581] DEBUG [GPIO-MOCK] motor pin 24 -> 0
[2025-09-28 16:54:29.677] DEBUG [GPIO-MOCK] motor pin 25 -> 0
[2025-09-28 16:54:29.682] DEBUG [GPIO-MOCK] motor pin 24 -> 0
[2025-09-28 16:54:29.777] DEBUG [GPIO-MOCK] motor pin 25 -> 0
[2025-09-28 16:54:29.782] DEBUG [GPIO-MOCK] motor pin 24 -> 0
[2025-09-28 16:54:29.878] DEBUG [GPIO-MOCK] motor pin 25 -> 0
[2025-09-28 16:54:29.882] DEBUG [GPIO-MOCK] motor pin 24 -> 0
[2025-09-28 16:54:29.978] DEBUG [GPIO-MOCK] motor pin 25 -> 0
[2025-09-28 16:54:29.983] DEBUG [GPIO-MOCK] motor pin 24 -> 0
[2025-09-28 16:54:30.078] DEBUG [GPIO-MOCK] motor pin 25 -> 0
[2025-09-28 16:54:30.083] DEBUG [GPIO-MOCK] motor pin 24 -> 0
[2025-09-28 16:54:30.179] DEBUG [GPIO-MOCK] motor pin 25 -> 0
[2025-09-28 16:54:30.184] DEBUG [GPIO-MOCK] motor pin 24 -> 0
[2025-09-28 16:54:30.279] DEBUG [GPIO-MOCK] motor pin 25 -> 0
[2025-09-28 16:54:30.284] DEBUG [GPIO-MOCK] motor pin 24 -> 0
[2025-09-28 16:54:30.380] DEBUG [GPIO-MOCK] motor pin 25 -> 0
[2025-09-28 16:54:30.384] DEBUG [GPIO-MOCK] motor pin 24 -> 0
[2025-09-28 16:54:30.480] DEBUG [GPIO-MOCK] motor pin 25 -> 0
[2025-09-28 16:54:30.485] DEBUG [GPIO-MOCK] motor pin 24 -> 0
[2025-09-28 16:54:30.580] DEBUG [GPIO-MOCK] motor pin 25 -> 0
[2025-09-28 16:54:30.585] DEBUG [GPIO-MOCK] motor pin 24 -> 0
[2025-09-28 16:54:30.681] DEBUG [GPIO-MOCK] motor pin 25 -> 0
[2025-09-28 16:54:30.688] DEBUG [GPIO-MOCK] motor pin 24 -> 0
[2025-09-28 16:54:30.781] DEBUG [GPIO-MOCK] motor pin 25 -> 0
[2025-09-28 16:54:30.788] DEBUG [GPIO-MOCK] motor pin 24 -> 0
[2025-09-28 16:54:30.881] DEBUG [GPIO-MOCK] motor pin 25 -> 0
[2025-09-28 16:54:30.888] DEBUG [GPIO-MOCK] motor pin 24 -> 0
[2025-09-28 16:54:30.982] DEBUG [GPIO-MOCK] motor pin 25 -> 0
[2025-09-28 16:54:30.988] DEBUG [GPIO-MOCK] motor pin 24 -> 0
[2025-09-28 16:54:31.082] DEBUG [GPIO-MOCK] motor pin 25 -> 0
[2025-09-28 16:54:31.089] DEBUG [GPIO-MOCK] motor pin 24 -> 0
[2025-09-28 16:54:31.183] DEBUG [GPIO-MOCK] motor pin 25 -> 0
[2025-09-28 16:54:31.189] DEBUG [GPIO-MOCK] motor pin 24 -> 0
[2025-09-28 16:54:31.283] DEBUG [GPIO-MOCK] motor pin 25 -> 0
[2025-09-28 16:54:31.289] DEBUG [GPIO-MOCK] motor pin 24 -> 0
[2025-09-28 16:54:31.384] DEBUG [GPIO-MOCK] motor pin 25 -> 0
[2025-09-28 16:54:31.390] DEBUG [GPIO-MOCK] motor pin 24 -> 0
[2025-09-28 16:54:31.484] DEBUG [GPIO-MOCK] motor pin 25 -> 0
[2025-09-28 16:54:31.490] DEBUG [GPIO-MOCK] motor pin 24 -> 0
[2025-09-28 16:54:31.585] DEBUG [GPIO-MOCK] motor pin 25 -> 0
[2025-09-28 16:54:31.590] DEBUG [GPIO-MOCK] motor pin 24 -> 0
[2025-09-28 16:54:31.685] DEBUG [GPIO-MOCK] motor pin 25 -> 0
[2025-09-28 16:54:31.691] DEBUG [GPIO-MOCK] motor pin 24 -> 0
[2025-09-28 16:54:31.785] DEBUG [GPIO-MOCK] motor pin 25 -> 0
[2025-09-28 16:54:31.791] DEBUG [GPIO-MOCK] motor pin 24 -> 0
[2025-09-28 16:54:31.885] DEBUG [GPIO-MOCK] motor pin 25 -> 0
[2025-09-28 16:54:31.891] DEBUG [GPIO-MOCK] motor pin 24 -> 0
[2025-09-28 16:54:31.986] DEBUG [GPIO-MOCK] motor pin 25 -> 0
[2025-09-28 16:54:31.991] DEBUG [GPIO-MOCK] motor pin 24 -> 0
[2025-09-28 16:54:32.086] DEBUG [GPIO-MOCK] motor pin 25 -> 0
[2025-09-28 16:54:32.092] DEBUG [GPIO-MOCK] motor pin 24 -> 0
[2025-09-28 16:54:32.186] DEBUG [GPIO-MOCK] motor pin 25 -> 0
[2025-09-28 16:54:32.192] DEBUG [GPIO-MOCK] motor pin 24 -> 0
[2025-09-28 16:54:32.287] DEBUG [GPIO-MOCK] motor pin 25 -> 0
[2025-09-28 16:54:32.292] DEBUG [GPIO-MOCK] motor pin 24 -> 0
[2025-09-28 16:54:32.387] DEBUG [GPIO-MOCK] motor pin 25 -> 0
[2025-09-28 16:54:32.392] DEBUG [GPIO-MOCK] motor pin 24 -> 0
[2025-09-28 16:54:32.487] DEBUG [GPIO-MOCK] motor pin 25 -> 0
[2025-09-28 16:54:32.493] DEBUG [GPIO-MOCK] motor pin 24 -> 0
[2025-09-28 16:54:32.588] DEBUG [GPIO-MOCK] motor pin 25 -> 0
[2025-09-28 16:54:32.593] DEBUG [GPIO-MOCK] motor pin 24 -> 0
[2025-09-28 16:54:32.688] DEBUG [GPIO-MOCK] motor pin 25 -> 0
[2025-09-28 16:54:32.693] DEBUG [GPIO-MOCK] motor pin 24 -> 0
[2025-09-28 16:54:32.788] DEBUG [GPIO-MOCK] motor pin 25 -> 0
[2025-09-28 16:54:32.793] DEBUG [GPIO-MOCK] motor pin 24 -> 0
[2025-09-28 16:54:32.888] DEBUG [GPIO-MOCK] motor pin 25 -> 0
[2025-09-28 16:54:32.893] DEBUG [GPIO-MOCK] motor pin 24 -> 0
[2025-09-28 16:54:32.988] DEBUG [GPIO-MOCK] motor pin 25 -> 0
[2025-09-28 16:54:32.993] DEBUG [GPIO-MOCK] motor pin 24 -> 0
[2025-09-28 16:54:33.088] DEBUG [GPIO-MOCK] motor pin 25 -> 0
[2025-09-28 16:54:33.094] DEBUG [GPIO-MOCK] motor pin 24 -> 0
[2025-09-28 16:54:33.189] DEBUG [GPIO-MOCK] motor pin 25 -> 0
[2025-09-28 16:54:33.194] DEBUG [GPIO-MOCK] motor pin 24 -> 0
[2025-09-28 16:54:33.289] DEBUG [GPIO-MOCK] motor pin 25 -> 0
[2025-09-28 16:54:33.294] DEBUG [GPIO-MOCK] motor pin 24 -> 0
[2025-09-28 16:54:33.389] DEBUG [GPIO-MOCK] motor pin 25 -> 0
[2025-09-28 16:54:33.394] DEBUG [GPIO-MOCK] motor pin 24 -> 0
[2025-09-28 16:54:33.489] DEBUG [GPIO-MOCK] motor pin 25 -> 0
[2025-09-28 16:54:33.494] DEBUG [GPIO-MOCK] motor pin 24 -> 0
[2025-09-28 16:54:33.589] DEBUG [GPIO-MOCK] motor pin 25 -> 0
[2025-09-28 16:54:33.594] DEBUG [GPIO-MOCK] motor pin 24 -> 0
[2025-09-28 16:54:33.690] DEBUG [GPIO-MOCK] motor pin 25 -> 0
[2025-09-28 16:54:33.695] DEBUG [GPIO-MOCK] motor pin 24 -> 0
[2025-09-28 16:54:33.790] DEBUG [GPIO-MOCK] motor pin 25 -> 0
[2025-09-28 16:54:33.795] DEBUG [GPIO-MOCK] motor pin 24 -> 0
[2025-09-28 16:54:33.890] DEBUG [GPIO-MOCK] motor pin 25 -> 0
[2025-09-28 16:54:33.896] DEBUG [GPIO-MOCK] motor pin 24 -> 0
[2025-09-28 16:54:33.991] DEBUG [GPIO-MOCK] motor pin 25 -> 0
[2025-09-28 16:54:33.996] DEBUG [GPIO-MOCK] motor pin 24 -> 0
[2025-09-28 16:54:34.091] DEBUG [GPIO-MOCK] motor pin 25 -> 0
[2025-09-28 16:54:34.096] DEBUG [GPIO-MOCK] motor pin 24 -> 0
[2025-09-28 16:54:34.191] DEBUG [GPIO-MOCK] motor pin 25 -> 0
[2025-09-28 16:54:34.196] DEBUG [GPIO-MOCK] motor pin 24 -> 0
[2025-09-28 16:54:34.292] DEBUG [GPIO-MOCK] motor pin 25 -> 0
[2025-09-28 16:54:34.297] DEBUG [GPIO-MOCK] motor pin 24 -> 0
[2025-09-28 16:54:34.392] DEBUG [GPIO-MOCK] motor pin 25 -> 0
[2025-09-28 16:54:34.397] DEBUG [GPIO-MOCK] motor pin 24 -> 0
[2025-09-28 16:54:34.492] DEBUG [GPIO-MOCK] motor pin 25 -> 0
[2025-09-28 16:54:34.498] DEBUG [GPIO-MOCK] motor pin 24 -> 0
[2025-09-28 16:54:34.593] DEBUG [GPIO-MOCK] motor pin 25 -> 0
[2025-09-28 16:54:34.598] DEBUG [GPIO-MOCK] motor pin 24 -> 0
[2025-09-28 16:54:34.693] DEBUG [GPIO-MOCK] motor pin 25 -> 0
[2025-09-28 16:54:34.698] DEBUG [GPIO-MOCK] motor pin 24 -> 0
[2025-09-28 16:54:34.793] DEBUG [GPIO-MOCK] motor pin 25 -> 0
[2025-09-28 16:54:34.798] DEBUG [GPIO-MOCK] motor pin 24 -> 0
[2025-09-28 16:54:34.894] DEBUG [GPIO-MOCK] motor pin 25 -> 0
[2025-09-28 16:54:34.899] DEBUG [GPIO-MOCK] motor pin 24 -> 0
[2025-09-28 16:54:34.994] DEBUG [GPIO-MOCK] motor pin 25 -> 0
[2025-09-28 16:54:34.999] DEBUG [GPIO-MOCK] motor pin 24 -> 0
[2025-09-28 16:54:35.094] DEBUG [GPIO-MOCK] motor pin 25 -> 0
[2025-09-28 16:54:35.099] DEBUG [GPIO-MOCK] motor pin 24 -> 0
[2025-09-28 16:54:35.195] DEBUG [GPIO-MOCK] motor pin 25 -> 0
[2025-09-28 16:54:35.199] DEBUG [GPIO-MOCK] motor pin 24 -> 0
[2025-09-28 16:54:35.295] DEBUG [GPIO-MOCK] motor pin 25 -> 0
[2025-09-28 16:54:35.299] DEBUG [GPIO-MOCK] motor pin 24 -> 0
[2025-09-28 16:54:35.395] DEBUG [GPIO-MOCK] motor pin 25 -> 0
[2025-09-28 16:54:35.400] DEBUG [GPIO-MOCK] motor pin 24 -> 0
[2025-09-28 16:54:35.495] DEBUG [GPIO-MOCK] motor pin 25 -> 0
[2025-09-28 16:54:35.500] DEBUG [GPIO-MOCK] motor pin 24 -> 0
[2025-09-28 16:54:35.596] DEBUG [GPIO-MOCK] motor pin 25 -> 0
[2025-09-28 16:54:35.600] DEBUG [GPIO-MOCK] motor pin 24 -> 0
[2025-09-28 16:54:35.696] DEBUG [GPIO-MOCK] motor pin 25 -> 0
[2025-09-28 16:54:35.700] DEBUG [GPIO-MOCK] motor pin 24 -> 0
[2025-09-28 16:54:35.796] DEBUG [GPIO-MOCK] motor pin 25 -> 0
[2025-09-28 16:54:35.801] DEBUG [GPIO-MOCK] motor pin 24 -> 0
[2025-09-28 16:54:35.896] DEBUG [GPIO-MOCK] motor pin 25 -> 0
[2025-09-28 16:54:35.901] DEBUG [GPIO-MOCK] motor pin 24 -> 0
[2025-09-28 16:54:35.997] DEBUG [GPIO-MOCK] motor pin 25 -> 0
[2025-09-28 16:54:36.001] DEBUG [GPIO-MOCK] motor pin 24 -> 0
[2025-09-28 16:54:36.097] DEBUG [GPIO-MOCK] motor pin 25 -> 0
[2025-09-28 16:54:36.101] DEBUG [GPIO-MOCK] motor pin 24 -> 0
[2025-09-28 16:54:36.197] DEBUG [GPIO-MOCK] motor pin 25 -> 0
[2025-09-28 16:54:36.202] DEBUG [GPIO-MOCK] motor pin 24 -> 0
[2025-09-28 16:54:36.298] DEBUG [GPIO-MOCK] motor pin 25 -> 0
[2025-09-28 16:54:36.302] DEBUG [GPIO-MOCK] motor pin 24 -> 0
[2025-09-28 16:54:36.398] DEBUG [GPIO-MOCK] motor pin 25 -> 0
[2025-09-28 16:54:36.403] DEBUG [GPIO-MOCK] motor pin 24 -> 0
[2025-09-28 16:54:36.498] DEBUG [GPIO-MOCK] motor pin 25 -> 0
[2025-09-28 16:54:36.503] DEBUG [GPIO-MOCK] motor pin 24 -> 0
[2025-09-28 16:54:36.598] DEBUG [GPIO-MOCK] motor pin 25 -> 0
[2025-09-28 16:54:36.603] DEBUG [GPIO-MOCK] motor pin 24 -> 0
[2025-09-28 16:54:36.698] DEBUG [GPIO-MOCK] motor pin 25 -> 0
[2025-09-28 16:54:36.703] DEBUG [GPIO-MOCK] motor pin 24 -> 0
[2025-09-28 16:54:36.799] DEBUG [GPIO-MOCK] motor pin 25 -> 0
[2025-09-28 16:54:36.804] DEBUG [GPIO-MOCK] motor pin 24 -> 0
[2025-09-28 16:54:36.895] WARN [MAIN] Sinal de término recebido. Encerrando...
[2025-09-28 16:54:36.899] DEBUG [GPIO-MOCK] motor pin 25 -> 0
[2025-09-28 16:54:36.904] DEBUG [GPIO-MOCK] motor pin 24 -> 0
[2025-09-28 16:54:36.999] DEBUG [GPIO-MOCK] motor pin 25 -> 0
[2025-09-28 16:54:37.004] DEBUG [GPIO-MOCK] motor pin 24 -> 0
[2025-09-28 16:54:37.099] DEBUG [GPIO-MOCK] motor pin 25 -> 0
[2025-09-28 16:54:37.104] DEBUG [GPIO-MOCK] motor pin 24 -> 0
[2025-09-28 16:54:37.200] DEBUG [GPIO-MOCK] motor pin 25 -> 0
[2025-09-28 16:54:37.205] DEBUG [GPIO-MOCK] motor pin 24 -> 0
[2025-09-28 16:54:37.300] DEBUG [GPIO-MOCK] motor pin 25 -> 0
[2025-09-28 16:54:37.305] DEBUG [GPIO-MOCK] motor pin 24 -> 0
[2025-09-28 16:54:37.400] DEBUG [GPIO-MOCK] motor pin 25 -> 0
[2025-09-28 16:54:37.405] DEBUG [GPIO-MOCK] motor pin 24 -> 0
[2025-09-28 16:54:37.500] DEBUG [GPIO-MOCK] motor pin 25 -> 0
[2025-09-28 16:54:37.505] DEBUG [GPIO-MOCK] motor pin 24 -> 0
[2025-09-28 16:54:37.601] DEBUG [GPIO-MOCK] motor pin 25 -> 0
[2025-09-28 16:54:37.605] DEBUG [GPIO-MOCK] motor pin 24 -> 0
[2025-09-28 16:54:37.701] DEBUG [GPIO-MOCK] motor pin 25 -> 0
[2025-09-28 16:54:37.705] DEBUG [GPIO-MOCK] motor pin 24 -> 0
[2025-09-28 16:54:37.801] DEBUG [GPIO-MOCK] motor pin 25 -> 0
[2025-09-28 16:54:37.805] DEBUG [GPIO-MOCK] motor pin 24 -> 0
[2025-09-28 16:54:37.901] DEBUG [GPIO-MOCK] motor pin 25 -> 0
[2025-09-28 16:54:37.906] DEBUG [GPIO-MOCK] motor pin 24 -> 0
[2025-09-28 16:54:38.002] DEBUG [GPIO-MOCK] motor pin 25 -> 0
[2025-09-28 16:54:38.006] DEBUG [GPIO-MOCK] motor pin 24 -> 0
[2025-09-28 16:54:38.102] DEBUG [GPIO-MOCK] motor pin 25 -> 0
[2025-09-28 16:54:38.106] DEBUG [GPIO-MOCK] motor pin 24 -> 0
[2025-09-28 16:54:38.202] DEBUG [GPIO-MOCK] motor pin 25 -> 0
[2025-09-28 16:54:38.206] DEBUG [GPIO-MOCK] motor pin 24 -> 0
[2025-09-28 16:54:38.302] DEBUG [GPIO-MOCK] motor pin 25 -> 0
[2025-09-28 16:54:38.306] DEBUG [GPIO-MOCK] motor pin 24 -> 0
[2025-09-28 16:54:38.403] DEBUG [GPIO-MOCK] motor pin 25 -> 0
[2025-09-28 16:54:38.407] DEBUG [GPIO-MOCK] motor pin 24 -> 0
[2025-09-28 16:54:38.503] DEBUG [GPIO-MOCK] motor pin 25 -> 0
[2025-09-28 16:54:38.507] DEBUG [GPIO-MOCK] motor pin 24 -> 0
[2025-09-28 16:54:38.603] DEBUG [GPIO-MOCK] motor pin 25 -> 0
[2025-09-28 16:54:38.607] DEBUG [GPIO-MOCK] motor pin 24 -> 0
[2025-09-28 16:54:38.703] DEBUG [GPIO-MOCK] motor pin 25 -> 0
[2025-09-28 16:54:38.707] DEBUG [GPIO-MOCK] motor pin 24 -> 0
[2025-09-28 16:54:38.803] DEBUG [GPIO-MOCK] motor pin 25 -> 0
[2025-09-28 16:54:38.807] DEBUG [GPIO-MOCK] motor pin 24 -> 0
[2025-09-28 16:54:38.904] DEBUG [GPIO-MOCK] motor pin 25 -> 0
[2025-09-28 16:54:38.907] DEBUG [GPIO-MOCK] motor pin 24 -> 0
[2025-09-28 16:54:39.004] DEBUG [GPIO-MOCK] motor pin 25 -> 0
[2025-09-28 16:54:39.008] DEBUG [GPIO-MOCK] motor pin 24 -> 0
[2025-09-28 16:54:39.104] DEBUG [GPIO-MOCK] motor pin 25 -> 0
[2025-09-28 16:54:39.108] DEBUG [GPIO-MOCK] motor pin 24 -> 0
[2025-09-28 16:54:39.204] DEBUG [GPIO-MOCK] motor pin 25 -> 0
[2025-09-28 16:54:39.208] DEBUG [GPIO-MOCK] motor pin 24 -> 0
[2025-09-28 16:54:39.304] DEBUG [GPIO-MOCK] motor pin 25 -> 0
[2025-09-28 16:54:39.308] DEBUG [GPIO-MOCK] motor pin 24 -> 0
[2025-09-28 16:54:39.404] DEBUG [GPIO-MOCK] motor pin 25 -> 0
[2025-09-28 16:54:39.408] DEBUG [GPIO-MOCK] motor pin 24 -> 0
[2025-09-28 16:54:39.505] DEBUG [GPIO-MOCK] motor pin 25 -> 0
[2025-09-28 16:54:39.509] DEBUG [GPIO-MOCK] motor pin 24 -> 0
[2025-09-28 16:54:39.605] DEBUG [GPIO-MOCK] motor pin 25 -> 0
[2025-09-28 16:54:39.609] DEBUG [GPIO-MOCK] motor pin 24 -> 0
[2025-09-28 16:54:39.705] DEBUG [GPIO-MOCK] motor pin 25 -> 0
[2025-09-28 16:54:39.708] WARN [MAIN] Sinal de término recebido. Encerrando...
[2025-09-28 16:54:39.709] DEBUG [GPIO-MOCK] motor pin 24 -> 0
[2025-09-28 16:54:39.805] DEBUG [GPIO-MOCK] motor pin 25 -> 0
[2025-09-28 16:54:39.809] DEBUG [GPIO-MOCK] motor pin 24 -> 0
[2025-09-28 16:54:39.906] DEBUG [GPIO-MOCK] motor pin 25 -> 0
[2025-09-28 16:54:39.909] DEBUG [GPIO-MOCK] motor pin 24 -> 0
[2025-09-28 16:54:40.006] DEBUG [GPIO-MOCK] motor pin 25 -> 0
[2025-09-28 16:54:40.010] DEBUG [GPIO-MOCK] motor pin 24 -> 0
[2025-09-28 16:54:40.106] DEBUG [GPIO-MOCK] motor pin 25 -> 0
[2025-09-28 16:54:40.110] DEBUG [GPIO-MOCK] motor pin 24 -> 0
[2025-09-28 16:54:40.207] DEBUG [GPIO-MOCK] motor pin 25 -> 0
[2025-09-28 16:54:40.210] DEBUG [GPIO-MOCK] motor pin 24 -> 0
[2025-09-28 16:54:40.233] WARN [MAIN] Sinal de término recebido. Encerrando...
[2025-09-28 16:54:40.307] DEBUG [GPIO-MOCK] motor pin 25 -> 0
[2025-09-28 16:54:40.311] DEBUG [GPIO-MOCK] motor pin 24 -> 0
[2025-09-28 16:54:40.407] DEBUG [GPIO-MOCK] motor pin 25 -> 0
[2025-09-28 16:54:40.411] DEBUG [GPIO-MOCK] motor pin 24 -> 0
[2025-09-28 16:54:40.502] WARN [MAIN] Sinal de término recebido. Encerrando...
[2025-09-28 16:54:40.507] DEBUG [GPIO-MOCK] motor pin 25 -> 0
[2025-09-28 16:54:40.511] DEBUG [GPIO-MOCK] motor pin 24 -> 0
[2025-09-28 16:54:40.607] DEBUG [GPIO-MOCK] motor pin 25 -> 0
[2025-09-28 16:54:40.612] DEBUG [GPIO-MOCK] motor pin 24 -> 0
[2025-09-28 16:54:40.708] DEBUG [GPIO-MOCK] motor pin 25 -> 0
[2025-09-28 16:54:40.712] DEBUG [GPIO-MOCK] motor pin 24 -> 0
[2025-09-28 16:54:40.777] WARN [MAIN] Sinal de término recebido. Encerrando...
[2025-09-28 16:54:40.808] DEBUG [GPIO-MOCK] motor pin 25 -> 0
[2025-09-28 16:54:40.812] DEBUG [GPIO-MOCK] motor pin 24 -> 0
[2025-09-28 16:54:40.908] DEBUG [GPIO-MOCK] motor pin 25 -> 0
[2025-09-28 16:54:40.912] DEBUG [GPIO-MOCK] motor pin 24 -> 0
[2025-09-28 16:54:41.009] DEBUG [GPIO-MOCK] motor pin 25 -> 0
[2025-09-28 16:54:41.012] DEBUG [GPIO-MOCK] motor pin 24 -> 0
[2025-09-28 16:54:41.109] DEBUG [GPIO-MOCK] motor pin 25 -> 0
[2025-09-28 16:54:41.112] DEBUG [GPIO-MOCK] motor pin 24 -> 0
[2025-09-28 16:54:41.209] DEBUG [GPIO-MOCK] motor pin 25 -> 0
[2025-09-28 16:54:41.213] DEBUG [GPIO-MOCK] motor pin 24 -> 0
[2025-09-28 16:54:41.310] DEBUG [GPIO-MOCK] motor pin 25 -> 0
[2025-09-28 16:54:41.313] DEBUG [GPIO-MOCK] motor pin 24 -> 0
[2025-09-28 16:54:41.410] DEBUG [GPIO-MOCK] motor pin 25 -> 0
[2025-09-28 16:54:41.413] DEBUG [GPIO-MOCK] motor pin 24 -> 0
[2025-09-28 16:54:41.510] DEBUG [GPIO-MOCK] motor pin 25 -> 0
[2025-09-28 16:54:41.513] DEBUG [GPIO-MOCK] motor pin 24 -> 0
[2025-09-28 16:54:41.610] DEBUG [GPIO-MOCK] motor pin 25 -> 0
[2025-09-28 16:54:41.613] DEBUG [GPIO-MOCK] motor pin 24 -> 0
[2025-09-28 16:54:41.710] DEBUG [GPIO-MOCK] motor pin 25 -> 0
[2025-09-28 16:54:41.714] DEBUG [GPIO-MOCK] motor pin 24 -> 0
[2025-09-28 16:54:41.811] DEBUG [GPIO-MOCK] motor pin 25 -> 0
[2025-09-28 16:54:41.814] DEBUG [GPIO-MOCK] motor pin 24 -> 0
[2025-09-28 16:54:41.911] DEBUG [GPIO-MOCK] motor pin 25 -> 0
[2025-09-28 16:54:41.914] DEBUG [GPIO-MOCK] motor pin 24 -> 0
[2025-09-28 16:54:42.011] DEBUG [GPIO-MOCK] motor pin 25 -> 0
[2025-09-28 16:54:42.014] DEBUG [GPIO-MOCK] motor pin 24 -> 0
[2025-09-28 16:54:42.111] DEBUG [GPIO-MOCK] motor pin 25 -> 0
[2025-09-28 16:54:42.114] DEBUG [GPIO-MOCK] motor pin 24 -> 0
[2025-09-28 16:54:42.212] DEBUG [GPIO-MOCK] motor pin 25 -> 0
[2025-09-28 16:54:42.215] DEBUG [GPIO-MOCK] motor pin 24 -> 0
[2025-09-28 16:54:42.312] DEBUG [GPIO-MOCK] motor pin 25 -> 0
[2025-09-28 16:54:42.315] DEBUG [GPIO-MOCK] motor pin 24 -> 0
[2025-09-28 16:54:42.412] DEBUG [GPIO-MOCK] motor pin 25 -> 0
[2025-09-28 16:54:42.415] DEBUG [GPIO-MOCK] motor pin 24 -> 0
[2025-09-28 16:54:42.513] DEBUG [GPIO-MOCK] motor pin 25 -> 0
[2025-09-28 16:54:42.516] DEBUG [GPIO-MOCK] motor pin 24 -> 0
[2025-09-28 16:54:42.613] DEBUG [GPIO-MOCK] motor pin 25 -> 0
[2025-09-28 16:54:42.616] DEBUG [GPIO-MOCK] motor pin 24 -> 0
[2025-09-28 16:54:42.713] DEBUG [GPIO-MOCK] motor pin 25 -> 0
[2025-09-28 16:54:42.716] DEBUG [GPIO-MOCK] motor pin 24 -> 0
[2025-09-28 16:54:42.813] DEBUG [GPIO-MOCK] motor pin 25 -> 0
[2025-09-28 16:54:42.816] DEBUG [GPIO-MOCK] motor pin 24 -> 0
[2025-09-28 16:54:42.913] DEBUG [GPIO-MOCK] motor pin 25 -> 0
[2025-09-28 16:54:42.917] DEBUG [GPIO-MOCK] motor pin 24 -> 0
[2025-09-28 16:54:43.013] DEBUG [GPIO-MOCK] motor pin 25 -> 0
[2025-09-28 16:54:43.017] DEBUG [GPIO-MOCK] motor pin 24 -> 0
[2025-09-28 16:54:43.114] DEBUG [GPIO-MOCK] motor pin 25 -> 0
[2025-09-28 16:54:43.117] DEBUG [GPIO-MOCK] motor pin 24 -> 0
[2025-09-28 16:54:43.214] DEBUG [GPIO-MOCK] motor pin 25 -> 0
[2025-09-28 16:54:43.217] DEBUG [GPIO-MOCK] motor pin 24 -> 0
[2025-09-28 16:54:43.314] DEBUG [GPIO-MOCK] motor pin 25 -> 0
[2025-09-28 16:54:43.317] DEBUG [GPIO-MOCK] motor pin 24 -> 0
[2025-09-28 16:54:43.414] DEBUG [GPIO-MOCK] motor pin 25 -> 0
[2025-09-28 16:54:43.418] DEBUG [GPIO-MOCK] motor pin 24 -> 0
[2025-09-28 16:54:43.514] DEBUG [GPIO-MOCK] motor pin 25 -> 0
[2025-09-28 16:54:43.518] DEBUG [GPIO-MOCK] motor pin 24 -> 0
[2025-09-28 16:54:43.615] DEBUG [GPIO-MOCK] motor pin 25 -> 0
[2025-09-28 16:54:43.618] DEBUG [GPIO-MOCK] motor pin 24 -> 0
[2025-09-28 16:54:43.715] DEBUG [GPIO-MOCK] motor pin 25 -> 0
[2025-09-28 16:54:43.718] DEBUG [GPIO-MOCK] motor pin 24 -> 0
[2025-09-28 16:54:43.815] DEBUG [GPIO-MOCK] motor pin 25 -> 0
[2025-09-28 16:54:43.819] DEBUG [GPIO-MOCK] motor pin 24 -> 0
[2025-09-28 16:54:43.915] DEBUG [GPIO-MOCK] motor pin 25 -> 0
[2025-09-28 16:54:43.919] DEBUG [GPIO-MOCK] motor pin 24 -> 0
[2025-09-28 16:54:44.015] DEBUG [GPIO-MOCK] motor pin 25 -> 0
[2025-09-28 16:54:44.019] DEBUG [GPIO-MOCK] motor pin 24 -> 0
[2025-09-28 16:54:44.115] DEBUG [GPIO-MOCK] motor pin 25 -> 0
[2025-09-28 16:54:44.119] DEBUG [GPIO-MOCK] motor pin 24 -> 0
[2025-09-28 16:54:44.216] DEBUG [GPIO-MOCK] motor pin 25 -> 0
[2025-09-28 16:54:44.220] DEBUG [GPIO-MOCK] motor pin 24 -> 0
[2025-09-28 16:54:44.316] DEBUG [GPIO-MOCK] motor pin 25 -> 0
[2025-09-28 16:54:44.320] DEBUG [GPIO-MOCK] motor pin 24 -> 0
[2025-09-28 16:54:44.416] DEBUG [GPIO-MOCK] motor pin 25 -> 0
[2025-09-28 16:54:44.420] DEBUG [GPIO-MOCK] motor pin 24 -> 0
[2025-09-28 16:54:44.516] DEBUG [GPIO-MOCK] motor pin 25 -> 0
[2025-09-28 16:54:44.520] DEBUG [GPIO-MOCK] motor pin 24 -> 0
[2025-09-28 16:54:44.617] DEBUG [GPIO-MOCK] motor pin 25 -> 0
[2025-09-28 16:54:44.620] DEBUG [GPIO-MOCK] motor pin 24 -> 0
[2025-09-28 16:54:44.717] DEBUG [GPIO-MOCK] motor pin 25 -> 0
[2025-09-28 16:54:44.721] DEBUG [GPIO-MOCK] motor pin 24 -> 0
[2025-09-28 16:54:44.817] DEBUG [GPIO-MOCK] motor pin 25 -> 0
[2025-09-28 16:54:44.821] DEBUG [GPIO-MOCK] motor pin 24 -> 0
[2025-09-28 16:54:44.917] DEBUG [GPIO-MOCK] motor pin 25 -> 0
[2025-09-28 16:54:44.921] DEBUG [GPIO-MOCK] motor pin 24 -> 0
[2025-09-28 16:54:45.017] DEBUG [GPIO-MOCK] motor pin 25 -> 0
[2025-09-28 16:54:45.021] DEBUG [GPIO-MOCK] motor pin 24 -> 0
[2025-09-28 16:54:45.117] DEBUG [GPIO-MOCK] motor pin 25 -> 0
[2025-09-28 16:54:45.121] DEBUG [GPIO-MOCK] motor pin 24 -> 0
[2025-09-28 16:54:45.218] DEBUG [GPIO-MOCK] motor pin 25 -> 0
[2025-09-28 16:54:45.222] DEBUG [GPIO-MOCK] motor pin 24 -> 0
[2025-09-28 16:54:45.318] DEBUG [GPIO-MOCK] motor pin 25 -> 0
[2025-09-28 16:54:45.322] DEBUG [GPIO-MOCK] motor pin 24 -> 0
[2025-09-28 16:54:45.418] DEBUG [GPIO-MOCK] motor pin 25 -> 0
[2025-09-28 16:54:45.422] DEBUG [GPIO-MOCK] motor pin 24 -> 0
[2025-09-28 16:54:45.518] DEBUG [GPIO-MOCK] motor pin 25 -> 0
[2025-09-28 16:54:45.522] DEBUG [GPIO-MOCK] motor pin 24 -> 0
[2025-09-28 16:54:45.618] DEBUG [GPIO-MOCK] motor pin 25 -> 0
[2025-09-28 16:54:45.622] DEBUG [GPIO-MOCK] motor pin 24 -> 0
[2025-09-28 16:54:45.719] DEBUG [GPIO-MOCK] motor pin 25 -> 0
[2025-09-28 16:54:45.722] DEBUG [GPIO-MOCK] motor pin 24 -> 0
[2025-09-28 16:54:45.819] DEBUG [GPIO-MOCK] motor pin 25 -> 0
[2025-09-28 16:54:45.823] DEBUG [GPIO-MOCK] motor pin 24 -> 0
[2025-09-28 16:54:45.919] DEBUG [GPIO-MOCK] motor pin 25 -> 0
[2025-09-28 16:54:45.923] DEBUG [GPIO-MOCK] motor pin 24 -> 0
[2025-09-28 16:54:46.019] DEBUG [GPIO-MOCK] motor pin 25 -> 0
[2025-09-28 16:54:46.023] DEBUG [GPIO-MOCK] motor pin 24 -> 0
[2025-09-28 16:54:46.120] DEBUG [GPIO-MOCK] motor pin 25 -> 0
[2025-09-28 16:54:46.123] DEBUG [GPIO-MOCK] motor pin 24 -> 0
[2025-09-28 16:54:46.220] DEBUG [GPIO-MOCK] motor pin 25 -> 0
[2025-09-28 16:54:46.223] DEBUG [GPIO-MOCK] motor pin 24 -> 0
[2025-09-28 16:54:46.320] DEBUG [GPIO-MOCK] motor pin 25 -> 0
[2025-09-28 16:54:46.324] DEBUG [GPIO-MOCK] motor pin 24 -> 0
[2025-09-28 16:54:46.421] DEBUG [GPIO-MOCK] motor pin 25 -> 0
[2025-09-28 16:54:46.424] DEBUG [GPIO-MOCK] motor pin 24 -> 0
[2025-09-28 16:54:46.521] DEBUG [GPIO-MOCK] motor pin 25 -> 0
[2025-09-28 16:54:46.524] DEBUG [GPIO-MOCK] motor pin 24 -> 0
[2025-09-28 16:54:46.621] DEBUG [GPIO-MOCK] motor pin 25 -> 0
[2025-09-28 16:54:46.624] DEBUG [GPIO-MOCK] motor pin 24 -> 0
[2025-09-28 16:54:46.722] DEBUG [GPIO-MOCK] motor pin 25 -> 0
[2025-09-28 16:54:46.724] DEBUG [GPIO-MOCK] motor pin 24 -> 0
[2025-09-28 16:54:46.822] DEBUG [GPIO-MOCK] motor pin 25 -> 0
[2025-09-28 16:54:46.825] DEBUG [GPIO-MOCK] motor pin 24 -> 0
[2025-09-28 16:54:46.922] DEBUG [GPIO-MOCK] motor pin 25 -> 0
[2025-09-28 16:54:46.925] DEBUG [GPIO-MOCK] motor pin 24 -> 0
[2025-09-28 16:54:47.022] DEBUG [GPIO-MOCK] motor pin 25 -> 0
[2025-09-28 16:54:47.025] DEBUG [GPIO-MOCK] motor pin 24 -> 0
[2025-09-28 16:54:47.123] DEBUG [GPIO-MOCK] motor pin 25 -> 0
[2025-09-28 16:54:47.125] DEBUG [GPIO-MOCK] motor pin 24 -> 0
[2025-09-28 16:54:47.223] DEBUG [GPIO-MOCK] motor pin 25 -> 0
[2025-09-28 16:54:47.225] DEBUG [GPIO-MOCK] motor pin 24 -> 0
[2025-09-28 16:54:47.323] DEBUG [GPIO-MOCK] motor pin 25 -> 0
[2025-09-28 16:54:47.325] DEBUG [GPIO-MOCK] motor pin 24 -> 0
[2025-09-28 16:54:47.423] DEBUG [GPIO-MOCK] motor pin 25 -> 0
[2025-09-28 16:54:47.426] DEBUG [GPIO-MOCK] motor pin 24 -> 0
[2025-09-28 16:54:47.524] DEBUG [GPIO-MOCK] motor pin 25 -> 0
[2025-09-28 16:54:47.526] DEBUG [GPIO-MOCK] motor pin 24 -> 0
[2025-09-28 16:54:47.624] DEBUG [GPIO-MOCK] motor pin 25 -> 0
[2025-09-28 16:54:47.626] DEBUG [GPIO-MOCK] motor pin 24 -> 0
[2025-09-28 16:54:47.724] DEBUG [GPIO-MOCK] motor pin 25 -> 0
[2025-09-28 16:54:47.726] DEBUG [GPIO-MOCK] motor pin 24 -> 0
[2025-09-28 16:54:47.824] DEBUG [GPIO-MOCK] motor pin 25 -> 0
[2025-09-28 16:54:47.826] DEBUG [GPIO-MOCK] motor pin 24 -> 0
[2025-09-28 16:54:47.924] DEBUG [GPIO-MOCK] motor pin 25 -> 0
[2025-09-28 16:54:47.927] DEBUG [GPIO-MOCK] motor pin 24 -> 0
[2025-09-28 16:54:48.025] DEBUG [GPIO-MOCK] motor pin 25 -> 0
[2025-09-28 16:54:48.027] DEBUG [GPIO-MOCK] motor pin 24 -> 0
